INFO:root:Running Client on Host at: 22.Nov 2020 20:29:11
INFO:root:Running Client on Host at: 22.Nov 2020 20:29:52
INFO:root:Running Client on Host at: 22.Nov 2020 20:29:57
INFO:root:Running Client on Host at: 23.Nov 2020 01:26:48
INFO:root:Running Client on Host at: 23.Nov 2020 01:32:07
INFO:root:Game 1 requested at time 23.Nov 2020 01:32:11
INFO:root:Player 7 is entering the Match at 23.Nov 2020 01:32:13
INFO:root:Player 5 is entering Match at 23.Nov 2020 01:32:14
INFO:root:Player 6 is entering Match at 23.Nov 2020 01:32:14
INFO:root:Player 7has won the Match at 23.Nov 2020 01:32:14
INFO:root:Player 5has lost the Match at 23.Nov 2020 01:32:14
INFO:root:Player 6has lost the Match at 23.Nov 2020 01:32:15
INFO:root:Player 7 new Skill is 
INFO:root:Game 2 requested at time 23.Nov 2020 01:32:16
INFO:root:Player 9 is entering the Match at 23.Nov 2020 01:32:17
INFO:root:Player 8 is entering Match at 23.Nov 2020 01:32:17
INFO:root:Player 7 is entering Match at 23.Nov 2020 01:32:17
INFO:root:Player 7has won the Match at 23.Nov 2020 01:32:17
INFO:root:Player 9has lost the Match at 23.Nov 2020 01:32:17
INFO:root:Player 8has lost the Match at 23.Nov 2020 01:32:17
INFO:root:Player 7 new Skill is 
INFO:root:Game 3 requested at time 23.Nov 2020 01:32:18
INFO:root:Player 2 is entering the Match at 23.Nov 2020 01:32:18
INFO:root:Player 1 is entering Match at 23.Nov 2020 01:32:18
INFO:root:Player 3 is entering Match at 23.Nov 2020 01:32:18
INFO:root:Player 3has won the Match at 23.Nov 2020 01:32:18
INFO:root:Player 2has lost the Match at 23.Nov 2020 01:32:18
INFO:root:Player 1has lost the Match at 23.Nov 2020 01:32:19
INFO:root:Player 3 new Skill is 
INFO:root:Game 4 requested at time 23.Nov 2020 01:32:20
INFO:root:Player 7 is entering the Match at 23.Nov 2020 01:32:20
INFO:root:Player 9 is entering Match at 23.Nov 2020 01:32:20
INFO:root:Player 10 is entering Match at 23.Nov 2020 01:32:20
INFO:root:Player 10has won the Match at 23.Nov 2020 01:32:20
INFO:root:Player 7has lost the Match at 23.Nov 2020 01:32:20
INFO:root:Player 9has lost the Match at 23.Nov 2020 01:32:21
INFO:root:Player 10 new Skill is 
INFO:root:Game 5 requested at time 23.Nov 2020 01:32:21
INFO:root:Player 10 is entering the Match at 23.Nov 2020 01:32:22
INFO:root:Player 7 is entering Match at 23.Nov 2020 01:32:22
INFO:root:Player 7has won the Match at 23.Nov 2020 01:32:22
INFO:root:Player 10has lost the Match at 23.Nov 2020 01:32:22
INFO:root:Player 7 new Skill is 
INFO:root:Game 6 requested at time 23.Nov 2020 01:32:23
INFO:root:Player 9 is entering the Match at 23.Nov 2020 01:32:23
INFO:root:Player 8 is entering Match at 23.Nov 2020 01:32:23
INFO:root:Player 8has won the Match at 23.Nov 2020 01:32:23
INFO:root:Player 9has lost the Match at 23.Nov 2020 01:32:23
INFO:root:Player 8 new Skill is 
INFO:root:Game 7 requested at time 23.Nov 2020 01:32:24
INFO:root:Player 9 is entering the Match at 23.Nov 2020 01:32:24
INFO:root:Player 8 is entering Match at 23.Nov 2020 01:32:25
INFO:root:Player 9has won the Match at 23.Nov 2020 01:32:25
INFO:root:Player 8has lost the Match at 23.Nov 2020 01:32:25
INFO:root:Player 9 new Skill is 
INFO:root:Game 8 requested at time 23.Nov 2020 01:32:25
INFO:root:Player 4 is entering the Match at 23.Nov 2020 01:32:26
INFO:root:Player 2 is entering Match at 23.Nov 2020 01:32:26
INFO:root:Player 3 is entering Match at 23.Nov 2020 01:32:26
INFO:root:Player 3has won the Match at 23.Nov 2020 01:32:26
INFO:root:Player 4has lost the Match at 23.Nov 2020 01:32:26
INFO:root:Player 2has lost the Match at 23.Nov 2020 01:32:26
INFO:root:Player 3 new Skill is 
INFO:root:Game 9 requested at time 23.Nov 2020 01:32:27
INFO:root:Player 7 is entering the Match at 23.Nov 2020 01:32:28
INFO:root:Player 9 is entering Match at 23.Nov 2020 01:32:28
INFO:root:Player 10 is entering Match at 23.Nov 2020 01:32:28
INFO:root:Player 9has won the Match at 23.Nov 2020 01:32:28
INFO:root:Player 7has lost the Match at 23.Nov 2020 01:32:28
INFO:root:Player 10has lost the Match at 23.Nov 2020 01:32:28
INFO:root:Player 9 new Skill is 
INFO:root:Game 10 requested at time 23.Nov 2020 01:32:29
INFO:root:Player 9 is entering the Match at 23.Nov 2020 01:32:29
INFO:root:Player 10 is entering Match at 23.Nov 2020 01:32:30
INFO:root:Player 7 is entering Match at 23.Nov 2020 01:32:30
INFO:root:Player 10has won the Match at 23.Nov 2020 01:32:30
INFO:root:Player 9has lost the Match at 23.Nov 2020 01:32:30
INFO:root:Player 7has lost the Match at 23.Nov 2020 01:32:30
INFO:root:Player 10 new Skill is 
INFO:root:Running Client on Host at: 23.Nov 2020 01:39:08
INFO:root:Game 1 requested at time 23.Nov 2020 01:39:11
INFO:root:Player 10 is entering the Match at 23.Nov 2020 01:39:12
INFO:root:Player 8 is entering Match at 23.Nov 2020 01:39:12
INFO:root:Player 9 is entering Match at 23.Nov 2020 01:39:12
INFO:root:Player 8 has won the Match at 23.Nov 2020 01:39:12
INFO:root:Player 10 has lost the Match at 23.Nov 2020 01:39:12
INFO:root:Player 9 has lost the Match at 23.Nov 2020 01:39:12
INFO:root:Player 8 new Skill is 
INFO:root:Game 2 requested at time 23.Nov 2020 01:39:13
INFO:root:Player 4 is entering the Match at 23.Nov 2020 01:39:14
INFO:root:Player 2 is entering Match at 23.Nov 2020 01:39:14
INFO:root:Player 3 is entering Match at 23.Nov 2020 01:39:14
INFO:root:Player 2 has won the Match at 23.Nov 2020 01:39:14
INFO:root:Player 4 has lost the Match at 23.Nov 2020 01:39:14
INFO:root:Player 3 has lost the Match at 23.Nov 2020 01:39:14
INFO:root:Player 2 new Skill is 
INFO:root:Game 3 requested at time 23.Nov 2020 01:39:15
INFO:root:Player 6 is entering the Match at 23.Nov 2020 01:39:15
INFO:root:Player 4 is entering Match at 23.Nov 2020 01:39:15
INFO:root:Player 2 is entering Match at 23.Nov 2020 01:39:15
INFO:root:Player 6 has won the Match at 23.Nov 2020 01:39:15
INFO:root:Player 4 has lost the Match at 23.Nov 2020 01:39:15
INFO:root:Player 2 has lost the Match at 23.Nov 2020 01:39:16
INFO:root:Player 6 new Skill is 
INFO:root:Game 4 requested at time 23.Nov 2020 01:39:17
INFO:root:Player 9 is entering the Match at 23.Nov 2020 01:39:17
INFO:root:Player 7 is entering Match at 23.Nov 2020 01:39:17
INFO:root:Player 6 is entering Match at 23.Nov 2020 01:39:17
INFO:root:Player 6 has won the Match at 23.Nov 2020 01:39:17
INFO:root:Player 9 has lost the Match at 23.Nov 2020 01:39:17
INFO:root:Player 7 has lost the Match at 23.Nov 2020 01:39:18
INFO:root:Player 6 new Skill is 
INFO:root:Game 5 requested at time 23.Nov 2020 01:39:18
INFO:root:Player 8 is entering the Match at 23.Nov 2020 01:39:19
INFO:root:Player 9 is entering Match at 23.Nov 2020 01:39:19
INFO:root:Player 6 is entering Match at 23.Nov 2020 01:39:19
INFO:root:Player 8 has won the Match at 23.Nov 2020 01:39:19
INFO:root:Player 9 has lost the Match at 23.Nov 2020 01:39:19
INFO:root:Player 6 has lost the Match at 23.Nov 2020 01:39:19
INFO:root:Player 8 new Skill is 
INFO:root:Game 6 requested at time 23.Nov 2020 01:39:20
INFO:root:Player 7 is entering the Match at 23.Nov 2020 01:39:21
INFO:root:Player 5 is entering Match at 23.Nov 2020 01:39:21
INFO:root:Player 9 is entering Match at 23.Nov 2020 01:39:21
INFO:root:Player 9 has won the Match at 23.Nov 2020 01:39:21
INFO:root:Player 7 has lost the Match at 23.Nov 2020 01:39:21
INFO:root:Player 5 has lost the Match at 23.Nov 2020 01:39:21
INFO:root:Player 9 new Skill is 
INFO:root:Game 7 requested at time 23.Nov 2020 01:39:22
INFO:root:Player 4 is entering the Match at 23.Nov 2020 01:39:22
INFO:root:Player 3 is entering Match at 23.Nov 2020 01:39:23
INFO:root:Player 2 is entering Match at 23.Nov 2020 01:39:23
INFO:root:Player 3 has won the Match at 23.Nov 2020 01:39:23
INFO:root:Player 4 has lost the Match at 23.Nov 2020 01:39:23
INFO:root:Player 2 has lost the Match at 23.Nov 2020 01:39:23
INFO:root:Player 3 new Skill is 
INFO:root:Game 8 requested at time 23.Nov 2020 01:39:24
INFO:root:Player 9 is entering the Match at 23.Nov 2020 01:39:24
INFO:root:Player 6 is entering Match at 23.Nov 2020 01:39:24
INFO:root:Player 10 is entering Match at 23.Nov 2020 01:39:24
INFO:root:Player 9 has won the Match at 23.Nov 2020 01:39:24
INFO:root:Player 6 has lost the Match at 23.Nov 2020 01:39:24
INFO:root:Player 10 has lost the Match at 23.Nov 2020 01:39:25
INFO:root:Player 9 new Skill is 
INFO:root:Game 9 requested at time 23.Nov 2020 01:39:25
INFO:root:Player 8 is entering the Match at 23.Nov 2020 01:39:26
INFO:root:Player 9 is entering Match at 23.Nov 2020 01:39:26
INFO:root:Player 9 has won the Match at 23.Nov 2020 01:39:26
INFO:root:Player 8 has lost the Match at 23.Nov 2020 01:39:26
INFO:root:Player 9 new Skill is 
INFO:root:Game 10 requested at time 23.Nov 2020 01:39:27
INFO:root:Player 2 is entering the Match at 23.Nov 2020 01:39:27
INFO:root:Player 4 is entering Match at 23.Nov 2020 01:39:27
INFO:root:Player 5 is entering Match at 23.Nov 2020 01:39:27
INFO:root:Player 4 has won the Match at 23.Nov 2020 01:39:27
INFO:root:Player 2 has lost the Match at 23.Nov 2020 01:39:27
INFO:root:Player 5 has lost the Match at 23.Nov 2020 01:39:28
INFO:root:Player 4 new Skill is 
INFO:root:Running Client on Host at: 23.Nov 2020 01:50:35
INFO:root:Game 1 requested at time 23.Nov 2020 01:50:37
INFO:root:Player 9 is entering the Match at 23.Nov 2020 01:50:39
INFO:root:Player 9 has won the Match at 23.Nov 2020 01:50:40
INFO:root:Running Client on Host at: 23.Nov 2020 01:52:06
INFO:root:Game 1 requested at time 23.Nov 2020 01:52:08
INFO:root:Player 2 is entering the Match at 23.Nov 2020 01:52:09
INFO:root:Player 5 is entering Match at 23.Nov 2020 01:52:09
INFO:root:Player 3 is entering Match at 23.Nov 2020 01:52:09
INFO:root:Player 3 has won the Match at 23.Nov 2020 01:52:09
INFO:root:Player 2 has lost the Match at 23.Nov 2020 01:52:09
INFO:root:Player 5 has lost the Match at 23.Nov 2020 01:52:11
INFO:root:Player 3 new Skill is 712.6359256710255
INFO:root:Game 2 requested at time 23.Nov 2020 01:52:12
INFO:root:Player 3 is entering the Match at 23.Nov 2020 01:52:12
INFO:root:Player 4 is entering Match at 23.Nov 2020 01:52:12
INFO:root:Player 7 is entering Match at 23.Nov 2020 01:52:12
INFO:root:Player 3 has won the Match at 23.Nov 2020 01:52:12
INFO:root:Player 4 has lost the Match at 23.Nov 2020 01:52:12
INFO:root:Player 7 has lost the Match at 23.Nov 2020 01:52:13
INFO:root:Player 3 new Skill is 906.3097476496783
INFO:root:Game 3 requested at time 23.Nov 2020 01:52:13
INFO:root:Player 8 is entering the Match at 23.Nov 2020 01:52:14
INFO:root:Player 8 has won the Match at 23.Nov 2020 01:52:14
INFO:root:Player 8 new Skill is 1205.0
INFO:root:Game 4 requested at time 23.Nov 2020 01:52:14
INFO:root:Player 9 is entering the Match at 23.Nov 2020 01:52:15
INFO:root:Player 9 has won the Match at 23.Nov 2020 01:52:15
INFO:root:Player 9 new Skill is 1411.0
INFO:root:Game 5 requested at time 23.Nov 2020 01:52:15
INFO:root:Player 2 is entering the Match at 23.Nov 2020 01:52:16
INFO:root:Player 5 is entering Match at 23.Nov 2020 01:52:16
INFO:root:Player 4 is entering Match at 23.Nov 2020 01:52:16
INFO:root:Player 4 has won the Match at 23.Nov 2020 01:52:16
INFO:root:Player 2 has lost the Match at 23.Nov 2020 01:52:16
INFO:root:Player 5 has lost the Match at 23.Nov 2020 01:52:16
INFO:root:Player 4 new Skill is 790.5175097276265
INFO:root:Game 6 requested at time 23.Nov 2020 01:52:17
INFO:root:Player 9 is entering the Match at 23.Nov 2020 01:52:17
INFO:root:Player 9 has won the Match at 23.Nov 2020 01:52:18
INFO:root:Player 9 new Skill is 1411.0
INFO:root:Game 7 requested at time 23.Nov 2020 01:52:18
INFO:root:Player 1 is entering the Match at 23.Nov 2020 01:52:18
INFO:root:Player 1 has won the Match at 23.Nov 2020 01:52:19
INFO:root:Player 1 new Skill is 100.0
INFO:root:Game 8 requested at time 23.Nov 2020 01:52:19
INFO:root:Player 5 is entering the Match at 23.Nov 2020 01:52:19
INFO:root:Player 2 is entering Match at 23.Nov 2020 01:52:19
INFO:root:Player 7 is entering Match at 23.Nov 2020 01:52:19
INFO:root:Player 2 has won the Match at 23.Nov 2020 01:52:19
INFO:root:Player 5 has lost the Match at 23.Nov 2020 01:52:19
INFO:root:Player 7 has lost the Match at 23.Nov 2020 01:52:20
INFO:root:Player 2 new Skill is 653.4531537048377
INFO:root:Game 9 requested at time 23.Nov 2020 01:52:21
INFO:root:Player 5 is entering the Match at 23.Nov 2020 01:52:21
INFO:root:Player 2 is entering Match at 23.Nov 2020 01:52:21
INFO:root:Player 7 is entering Match at 23.Nov 2020 01:52:21
INFO:root:Player 2 has won the Match at 23.Nov 2020 01:52:21
INFO:root:Player 5 has lost the Match at 23.Nov 2020 01:52:21
INFO:root:Player 7 has lost the Match at 23.Nov 2020 01:52:22
INFO:root:Player 2 new Skill is 847.2795466810577
INFO:root:Game 10 requested at time 23.Nov 2020 01:52:22
INFO:root:Player 5 is entering the Match at 23.Nov 2020 01:52:23
INFO:root:Player 7 is entering Match at 23.Nov 2020 01:52:23
INFO:root:Player 7 has won the Match at 23.Nov 2020 01:52:23
INFO:root:Player 5 has lost the Match at 23.Nov 2020 01:52:23
INFO:root:Player 7 new Skill is 825.0
INFO:root:Running Client on Host at: 23.Nov 2020 01:59:14
INFO:root:Game 1 requested at time 23.Nov 2020 01:59:17
INFO:root:Player 4 is entering the Match at 23.Nov 2020 01:59:19
INFO:root:Player 7 is entering Match at 23.Nov 2020 01:59:20
INFO:root:Player 2 is entering Match at 23.Nov 2020 01:59:20
INFO:root:Player 7 has won the Match at 23.Nov 2020 01:59:20
INFO:root:Player 4 has lost the Match at 23.Nov 2020 01:59:20
INFO:root:Player 2 has lost the Match at 23.Nov 2020 01:59:21
INFO:root:Player 7 new Skill is 1024.471974004874
INFO:root:Game 2 requested at time 23.Nov 2020 01:59:22
INFO:root:Player 9 is entering the Match at 23.Nov 2020 01:59:22
INFO:root:Player 9 has won the Match at 23.Nov 2020 01:59:23
INFO:root:Player 9 new Skill is 1411.0
INFO:root:Game 3 requested at time 23.Nov 2020 01:59:23
INFO:root:Player 6 is entering the Match at 23.Nov 2020 01:59:23
INFO:root:Player 4 is entering Match at 23.Nov 2020 01:59:24
INFO:root:Player 2 is entering Match at 23.Nov 2020 01:59:24
INFO:root:Player 4 has won the Match at 23.Nov 2020 01:59:24
INFO:root:Player 6 has lost the Match at 23.Nov 2020 01:59:24
INFO:root:Player 2 has lost the Match at 23.Nov 2020 01:59:24
INFO:root:Player 4 new Skill is 999.2996555683123
INFO:root:Game 4 requested at time 23.Nov 2020 01:59:25
INFO:root:Player 6 is entering the Match at 23.Nov 2020 01:59:25
INFO:root:Player 2 is entering Match at 23.Nov 2020 01:59:25
INFO:root:Player 3 is entering Match at 23.Nov 2020 01:59:25
INFO:root:Player 3 has won the Match at 23.Nov 2020 01:59:25
INFO:root:Player 6 has lost the Match at 23.Nov 2020 01:59:25
INFO:root:Player 2 has lost the Match at 23.Nov 2020 01:59:26
INFO:root:Player 3 new Skill is 1106.403078050568
INFO:root:Game 5 requested at time 23.Nov 2020 01:59:27
INFO:root:Player 3 is entering the Match at 23.Nov 2020 01:59:27
INFO:root:Player 6 is entering Match at 23.Nov 2020 01:59:27
INFO:root:Player 4 is entering Match at 23.Nov 2020 01:59:27
INFO:root:Player 3 has won the Match at 23.Nov 2020 01:59:27
INFO:root:Player 6 has lost the Match at 23.Nov 2020 01:59:27
INFO:root:Player 4 has lost the Match at 23.Nov 2020 01:59:27
INFO:root:Player 3 new Skill is 1298.3076923076924
INFO:root:Game 6 requested at time 23.Nov 2020 01:59:28
INFO:root:Player 8 is entering the Match at 23.Nov 2020 01:59:29
INFO:root:Player 7 is entering Match at 23.Nov 2020 01:59:29
INFO:root:Player 3 is entering Match at 23.Nov 2020 01:59:29
INFO:root:Player 8 has won the Match at 23.Nov 2020 01:59:29
INFO:root:Player 7 has lost the Match at 23.Nov 2020 01:59:29
INFO:root:Player 3 has lost the Match at 23.Nov 2020 01:59:29
INFO:root:Player 8 new Skill is 1402.5049617238446
INFO:root:Game 7 requested at time 23.Nov 2020 01:59:30
INFO:root:Player 10 is entering the Match at 23.Nov 2020 01:59:30
INFO:root:Player 2 is entering Match at 23.Nov 2020 01:59:31
INFO:root:Player 6 is entering Match at 23.Nov 2020 01:59:31
INFO:root:Player 2 has won the Match at 23.Nov 2020 01:59:31
INFO:root:Player 10 has lost the Match at 23.Nov 2020 01:59:31
INFO:root:Player 6 has lost the Match at 23.Nov 2020 01:59:31
INFO:root:Player 2 new Skill is 1056.9893730074389
INFO:root:Game 8 requested at time 23.Nov 2020 01:59:32
INFO:root:Player 10 is entering the Match at 23.Nov 2020 01:59:32
INFO:root:Player 6 is entering Match at 23.Nov 2020 01:59:32
INFO:root:Player 4 is entering Match at 23.Nov 2020 01:59:32
INFO:root:Player 10 has won the Match at 23.Nov 2020 01:59:32
INFO:root:Player 6 has lost the Match at 23.Nov 2020 01:59:32
INFO:root:Player 4 has lost the Match at 23.Nov 2020 01:59:33
INFO:root:Player 10 new Skill is 1199.1596638655462
INFO:root:Game 9 requested at time 23.Nov 2020 01:59:33
INFO:root:Player 4 is entering the Match at 23.Nov 2020 01:59:34
INFO:root:Player 6 is entering Match at 23.Nov 2020 01:59:34
INFO:root:Player 7 is entering Match at 23.Nov 2020 01:59:34
INFO:root:Player 7 has won the Match at 23.Nov 2020 01:59:34
INFO:root:Player 4 has lost the Match at 23.Nov 2020 01:59:34
INFO:root:Player 6 has lost the Match at 23.Nov 2020 01:59:34
INFO:root:Player 7 new Skill is 1221.565855285095
INFO:root:Game 10 requested at time 23.Nov 2020 01:59:35
INFO:root:Player 5 is entering the Match at 23.Nov 2020 01:59:35
INFO:root:Player 5 has won the Match at 23.Nov 2020 01:59:36
INFO:root:Player 5 new Skill is 500.0
INFO:root:Running Client on Host at: 23.Nov 2020 02:10:55
INFO:root:Game 1 requested at time 23.Nov 2020 02:10:58
INFO:root:Player 8 is entering the Match at 23.Nov 2020 02:10:59
INFO:root:Player 6 is entering Match at 23.Nov 2020 02:11:00
INFO:root:Player 7 is entering Match at 23.Nov 2020 02:11:00
INFO:root:Player 8 has won the Match at 23.Nov 2020 02:11:00
INFO:root:Player 6 has lost the Match at 23.Nov 2020 02:11:00
INFO:root:Player 7 has lost the Match at 23.Nov 2020 02:11:02
INFO:root:Player 8 new Skill is 985.7142857142858
INFO:root:Game 2 requested at time 23.Nov 2020 02:11:03
INFO:root:Player 7 is entering the Match at 23.Nov 2020 02:11:03
INFO:root:Player 5 is entering Match at 23.Nov 2020 02:11:03
INFO:root:Player 6 is entering Match at 23.Nov 2020 02:11:03
INFO:root:Player 6 has won the Match at 23.Nov 2020 02:11:03
INFO:root:Player 7 has lost the Match at 23.Nov 2020 02:11:03
INFO:root:Player 5 has lost the Match at 23.Nov 2020 02:11:04
INFO:root:Player 6 new Skill is 800.0
INFO:root:Game 3 requested at time 23.Nov 2020 02:11:04
INFO:root:Player 9 is entering the Match at 23.Nov 2020 02:11:05
INFO:root:Player 7 is entering Match at 23.Nov 2020 02:11:05
INFO:root:Player 6 is entering Match at 23.Nov 2020 02:11:05
INFO:root:Player 9 has won the Match at 23.Nov 2020 02:11:05
INFO:root:Player 7 has lost the Match at 23.Nov 2020 02:11:05
INFO:root:Player 6 has lost the Match at 23.Nov 2020 02:11:05
INFO:root:Player 9 new Skill is 1087.5
INFO:root:Game 4 requested at time 23.Nov 2020 02:11:06
INFO:root:Player 2 is entering the Match at 23.Nov 2020 02:11:07
INFO:root:Player 1 is entering Match at 23.Nov 2020 02:11:07
INFO:root:Player 3 is entering Match at 23.Nov 2020 02:11:07
INFO:root:Player 3 has won the Match at 23.Nov 2020 02:11:07
INFO:root:Player 2 has lost the Match at 23.Nov 2020 02:11:07
INFO:root:Player 1 has lost the Match at 23.Nov 2020 02:11:07
INFO:root:Player 3 new Skill is 450.0
INFO:root:Game 5 requested at time 23.Nov 2020 02:11:09
INFO:root:Player 2 is entering the Match at 23.Nov 2020 02:11:09
INFO:root:Player 1 is entering Match at 23.Nov 2020 02:11:10
INFO:root:Player 4 is entering Match at 23.Nov 2020 02:11:10
INFO:root:Player 1 has won the Match at 23.Nov 2020 02:11:10
INFO:root:Player 2 has lost the Match at 23.Nov 2020 02:11:10
INFO:root:Player 4 has lost the Match at 23.Nov 2020 02:11:10
INFO:root:Player 1 new Skill is 357.1428571428571
INFO:root:Game 6 requested at time 23.Nov 2020 02:11:11
INFO:root:Player 10 is entering the Match at 23.Nov 2020 02:11:11
INFO:root:Player 6 is entering Match at 23.Nov 2020 02:11:11
INFO:root:Player 8 is entering Match at 23.Nov 2020 02:11:11
INFO:root:Player 8 has won the Match at 23.Nov 2020 02:11:11
INFO:root:Player 10 has lost the Match at 23.Nov 2020 02:11:11
INFO:root:Player 6 has lost the Match at 23.Nov 2020 02:11:12
INFO:root:Player 8 new Skill is 1178.8958707360862
INFO:root:Game 7 requested at time 23.Nov 2020 02:11:13
INFO:root:Player 4 is entering the Match at 23.Nov 2020 02:11:13
INFO:root:Player 2 is entering Match at 23.Nov 2020 02:11:13
INFO:root:Player 1 is entering Match at 23.Nov 2020 02:11:13
INFO:root:Player 4 has won the Match at 23.Nov 2020 02:11:13
INFO:root:Player 2 has lost the Match at 23.Nov 2020 02:11:13
INFO:root:Player 1 has lost the Match at 23.Nov 2020 02:11:14
INFO:root:Player 4 new Skill is 574.6081504702195
INFO:root:Game 8 requested at time 23.Nov 2020 02:11:14
INFO:root:Player 10 is entering the Match at 23.Nov 2020 02:11:15
INFO:root:Player 6 is entering Match at 23.Nov 2020 02:11:15
INFO:root:Player 9 is entering Match at 23.Nov 2020 02:11:15
INFO:root:Player 9 has won the Match at 23.Nov 2020 02:11:15
INFO:root:Player 10 has lost the Match at 23.Nov 2020 02:11:15
INFO:root:Player 6 has lost the Match at 23.Nov 2020 02:11:15
INFO:root:Player 9 new Skill is 1274.0453758226533
INFO:root:Game 9 requested at time 23.Nov 2020 02:11:16
INFO:root:Player 2 is entering the Match at 23.Nov 2020 02:11:16
INFO:root:Player 1 is entering Match at 23.Nov 2020 02:11:17
INFO:root:Player 2 has won the Match at 23.Nov 2020 02:11:17
INFO:root:Player 1 has lost the Match at 23.Nov 2020 02:11:17
INFO:root:Player 2 new Skill is 392.2800718132854
INFO:root:Game 10 requested at time 23.Nov 2020 02:11:17
INFO:root:Player 4 is entering the Match at 23.Nov 2020 02:11:18
INFO:root:Player 2 is entering Match at 23.Nov 2020 02:11:18
INFO:root:Player 3 is entering Match at 23.Nov 2020 02:11:18
INFO:root:Player 4 has won the Match at 23.Nov 2020 02:11:18
INFO:root:Player 2 has lost the Match at 23.Nov 2020 02:11:18
INFO:root:Player 3 has lost the Match at 23.Nov 2020 02:11:19
INFO:root:Player 4 new Skill is 752.3898305084746
INFO:root:Running Client on Host at: 23.Nov 2020 02:13:08
INFO:root:Game 1 requested at time 23.Nov 2020 02:13:10
INFO:root:Player 5 is entering the Match at 23.Nov 2020 02:13:10
INFO:root:Player 1 is entering Match at 23.Nov 2020 02:13:10
INFO:root:Player 2 is entering Match at 23.Nov 2020 02:13:10
INFO:root:Player 5 has won the Match at 23.Nov 2020 02:13:10
INFO:root:Player 1 has lost the Match at 23.Nov 2020 02:13:10
INFO:root:Player 2 has lost the Match at 23.Nov 2020 02:13:11
INFO:root:Player 5 new Skill is 679.9039231385109
INFO:root:Game 2 requested at time 23.Nov 2020 02:13:12
INFO:root:Player 1 is entering the Match at 23.Nov 2020 02:13:12
INFO:root:Player 2 is entering Match at 23.Nov 2020 02:13:12
INFO:root:Player 3 is entering Match at 23.Nov 2020 02:13:12
INFO:root:Player 2 has won the Match at 23.Nov 2020 02:13:12
INFO:root:Player 1 has lost the Match at 23.Nov 2020 02:13:12
INFO:root:Player 3 has lost the Match at 23.Nov 2020 02:13:13
INFO:root:Player 2 new Skill is 593.9182652210175
INFO:root:Game 3 requested at time 23.Nov 2020 02:13:13
INFO:root:Player 10 is entering the Match at 23.Nov 2020 02:13:14
INFO:root:Player 7 is entering Match at 23.Nov 2020 02:13:14
INFO:root:Player 4 is entering Match at 23.Nov 2020 02:13:14
INFO:root:Player 4 has won the Match at 23.Nov 2020 02:13:14
INFO:root:Player 10 has lost the Match at 23.Nov 2020 02:13:14
INFO:root:Player 7 has lost the Match at 23.Nov 2020 02:13:14
INFO:root:Player 4 new Skill is 959.9934747145187
INFO:root:Game 4 requested at time 23.Nov 2020 02:13:15
INFO:root:Player 9 is entering the Match at 23.Nov 2020 02:13:15
INFO:root:Player 8 is entering Match at 23.Nov 2020 02:13:16
INFO:root:Player 9 has won the Match at 23.Nov 2020 02:13:16
INFO:root:Player 8 has lost the Match at 23.Nov 2020 02:13:16
INFO:root:Player 9 new Skill is 1418.1272430668841
INFO:root:Game 5 requested at time 23.Nov 2020 02:13:16
INFO:root:Player 1 is entering the Match at 23.Nov 2020 02:13:17
INFO:root:Player 3 is entering Match at 23.Nov 2020 02:13:17
INFO:root:Player 2 is entering Match at 23.Nov 2020 02:13:17
INFO:root:Player 3 has won the Match at 23.Nov 2020 02:13:17
INFO:root:Player 1 has lost the Match at 23.Nov 2020 02:13:17
INFO:root:Player 2 has lost the Match at 23.Nov 2020 02:13:17
INFO:root:Player 3 new Skill is 653.5714285714286
INFO:root:Game 6 requested at time 23.Nov 2020 02:13:18
INFO:root:Player 2 is entering the Match at 23.Nov 2020 02:13:19
INFO:root:Player 1 is entering Match at 23.Nov 2020 02:13:19
INFO:root:Player 3 is entering Match at 23.Nov 2020 02:13:19
INFO:root:Player 3 has won the Match at 23.Nov 2020 02:13:19
INFO:root:Player 2 has lost the Match at 23.Nov 2020 02:13:19
INFO:root:Player 1 has lost the Match at 23.Nov 2020 02:13:19
INFO:root:Player 3 new Skill is 830.7916406737368
INFO:root:Game 7 requested at time 23.Nov 2020 02:13:20
INFO:root:Player 4 is entering the Match at 23.Nov 2020 02:13:20
INFO:root:Player 6 is entering Match at 23.Nov 2020 02:13:20
INFO:root:Player 3 is entering Match at 23.Nov 2020 02:13:20
INFO:root:Player 6 has won the Match at 23.Nov 2020 02:13:20
INFO:root:Player 4 has lost the Match at 23.Nov 2020 02:13:20
INFO:root:Player 3 has lost the Match at 23.Nov 2020 02:13:21
INFO:root:Player 6 new Skill is 1007.3001158748551
INFO:root:Game 8 requested at time 23.Nov 2020 02:13:22
INFO:root:Player 10 is entering the Match at 23.Nov 2020 02:13:22
INFO:root:Player 5 is entering Match at 23.Nov 2020 02:13:22
INFO:root:Player 7 is entering Match at 23.Nov 2020 02:13:22
INFO:root:Player 7 has won the Match at 23.Nov 2020 02:13:22
INFO:root:Player 10 has lost the Match at 23.Nov 2020 02:13:22
INFO:root:Player 5 has lost the Match at 23.Nov 2020 02:13:23
INFO:root:Player 7 new Skill is 911.7276166456494
INFO:root:Game 9 requested at time 23.Nov 2020 02:13:23
INFO:root:Player 10 is entering the Match at 23.Nov 2020 02:13:24
INFO:root:Player 5 is entering Match at 23.Nov 2020 02:13:24
INFO:root:Player 3 is entering Match at 23.Nov 2020 02:13:24
INFO:root:Player 5 has won the Match at 23.Nov 2020 02:13:24
INFO:root:Player 10 has lost the Match at 23.Nov 2020 02:13:24
INFO:root:Player 3 has lost the Match at 23.Nov 2020 02:13:24
INFO:root:Player 5 new Skill is 897.8122758070945
INFO:root:Game 10 requested at time 23.Nov 2020 02:13:25
INFO:root:Player 4 is entering the Match at 23.Nov 2020 02:13:26
INFO:root:Player 3 is entering Match at 23.Nov 2020 02:13:26
INFO:root:Player 5 is entering Match at 23.Nov 2020 02:13:26
INFO:root:Player 5 has won the Match at 23.Nov 2020 02:13:26
INFO:root:Player 4 has lost the Match at 23.Nov 2020 02:13:26
INFO:root:Player 3 has lost the Match at 23.Nov 2020 02:13:26
INFO:root:Player 5 new Skill is 1096.813849590469
INFO:root:Running Client on Host at: 23.Nov 2020 02:15:22
INFO:root:Game 1 requested at time 23.Nov 2020 02:15:26
INFO:root:Player 8 is entering the Match at 23.Nov 2020 02:15:26
INFO:root:Player 4 is entering Match at 23.Nov 2020 02:15:26
INFO:root:Player 10 is entering Match at 23.Nov 2020 02:15:26
INFO:root:Player 10 has won the Match at 23.Nov 2020 02:15:26
INFO:root:Player 8 has lost the Match at 23.Nov 2020 02:15:26
INFO:root:Player 4 has lost the Match at 23.Nov 2020 02:15:27
INFO:root:Player 10 new Skill is 1204.3672298374242
INFO:root:Game 2 requested at time 23.Nov 2020 02:15:28
INFO:root:Player 5 is entering the Match at 23.Nov 2020 02:15:28
INFO:root:Player 3 is entering Match at 23.Nov 2020 02:15:28
INFO:root:Player 7 is entering Match at 23.Nov 2020 02:15:28
INFO:root:Player 3 has won the Match at 23.Nov 2020 02:15:28
INFO:root:Player 5 has lost the Match at 23.Nov 2020 02:15:28
INFO:root:Player 7 has lost the Match at 23.Nov 2020 02:15:29
INFO:root:Player 3 new Skill is 1042.2312301727177
INFO:root:Game 3 requested at time 23.Nov 2020 02:15:29
INFO:root:Player 6 is entering the Match at 23.Nov 2020 02:15:30
INFO:root:Player 7 is entering Match at 23.Nov 2020 02:15:30
INFO:root:Player 4 is entering Match at 23.Nov 2020 02:15:30
INFO:root:Player 7 has won the Match at 23.Nov 2020 02:15:30
INFO:root:Player 6 has lost the Match at 23.Nov 2020 02:15:30
INFO:root:Player 4 has lost the Match at 23.Nov 2020 02:15:30
INFO:root:Player 7 new Skill is 1116.005213764338
INFO:root:Game 4 requested at time 23.Nov 2020 02:15:31
INFO:root:Player 6 is entering the Match at 23.Nov 2020 02:15:32
INFO:root:Player 2 is entering Match at 23.Nov 2020 02:15:32
INFO:root:Player 4 is entering Match at 23.Nov 2020 02:15:32
INFO:root:Player 6 has won the Match at 23.Nov 2020 02:15:32
INFO:root:Player 2 has lost the Match at 23.Nov 2020 02:15:32
INFO:root:Player 4 has lost the Match at 23.Nov 2020 02:15:32
INFO:root:Player 6 new Skill is 1188.9460726846423
INFO:root:Game 5 requested at time 23.Nov 2020 02:15:33
INFO:root:Player 4 is entering the Match at 23.Nov 2020 02:15:33
INFO:root:Player 2 is entering Match at 23.Nov 2020 02:15:33
INFO:root:Player 3 is entering Match at 23.Nov 2020 02:15:33
INFO:root:Player 3 has won the Match at 23.Nov 2020 02:15:33
INFO:root:Player 4 has lost the Match at 23.Nov 2020 02:15:33
INFO:root:Player 2 has lost the Match at 23.Nov 2020 02:15:34
INFO:root:Player 3 new Skill is 1221.491133384734
INFO:root:Game 6 requested at time 23.Nov 2020 02:15:35
INFO:root:Player 10 is entering the Match at 23.Nov 2020 02:15:35
INFO:root:Player 4 is entering Match at 23.Nov 2020 02:15:35
INFO:root:Player 5 is entering Match at 23.Nov 2020 02:15:35
INFO:root:Player 4 has won the Match at 23.Nov 2020 02:15:35
INFO:root:Player 10 has lost the Match at 23.Nov 2020 02:15:35
INFO:root:Player 5 has lost the Match at 23.Nov 2020 02:15:36
INFO:root:Player 4 new Skill is 1170.7213869285056
INFO:root:Game 7 requested at time 23.Nov 2020 02:15:36
INFO:root:Player 1 is entering the Match at 23.Nov 2020 02:15:37
INFO:root:Player 2 is entering Match at 23.Nov 2020 02:15:37
INFO:root:Player 1 has won the Match at 23.Nov 2020 02:15:37
INFO:root:Player 2 has lost the Match at 23.Nov 2020 02:15:37
INFO:root:Player 1 new Skill is 544.2631578947369
INFO:root:Game 8 requested at time 23.Nov 2020 02:15:38
INFO:root:Player 2 is entering the Match at 23.Nov 2020 02:15:38
INFO:root:Player 1 is entering Match at 23.Nov 2020 02:15:39
INFO:root:Player 5 is entering Match at 23.Nov 2020 02:15:39
INFO:root:Player 2 has won the Match at 23.Nov 2020 02:15:39
INFO:root:Player 1 has lost the Match at 23.Nov 2020 02:15:39
INFO:root:Player 5 has lost the Match at 23.Nov 2020 02:15:39
INFO:root:Player 2 new Skill is 813.3313927451859
INFO:root:Game 9 requested at time 23.Nov 2020 02:15:40
INFO:root:Player 9 is entering the Match at 23.Nov 2020 02:15:40
INFO:root:Player 3 is entering Match at 23.Nov 2020 02:15:40
INFO:root:Player 3 has won the Match at 23.Nov 2020 02:15:40
INFO:root:Player 9 has lost the Match at 23.Nov 2020 02:15:40
INFO:root:Player 3 new Skill is 1382.1974232663888
INFO:root:Game 10 requested at time 23.Nov 2020 02:15:41
INFO:root:Player 9 is entering the Match at 23.Nov 2020 02:15:41
INFO:root:Player 4 is entering Match at 23.Nov 2020 02:15:42
INFO:root:Player 8 is entering Match at 23.Nov 2020 02:15:42
INFO:root:Player 9 has won the Match at 23.Nov 2020 02:15:42
INFO:root:Player 4 has lost the Match at 23.Nov 2020 02:15:42
INFO:root:Player 8 has lost the Match at 23.Nov 2020 02:15:42
INFO:root:Player 9 new Skill is 1605.0419543281996
INFO:root:Running Client on Host at: 23.Nov 2020 03:17:35
INFO:root:Game 1 requested at time 23.Nov 2020 03:17:39
INFO:root:Player 2 is entering the Match at 23.Nov 2020 03:17:40
INFO:root:Player 1 is entering Match at 23.Nov 2020 03:17:41
INFO:root:Player 3 is entering Match at 23.Nov 2020 03:17:41
INFO:root:Player 2 has won the Match at 23.Nov 2020 03:17:41
INFO:root:Player 1 has lost the Match at 23.Nov 2020 03:17:41
INFO:root:Player 3 has lost the Match at 23.Nov 2020 03:17:43
INFO:root:Player 2 new Skill is 400.0
INFO:root:Game 2 requested at time 23.Nov 2020 03:17:44
INFO:root:Player 8 is entering the Match at 23.Nov 2020 03:17:44
INFO:root:Player 6 is entering Match at 23.Nov 2020 03:17:44
INFO:root:Player 7 is entering Match at 23.Nov 2020 03:17:44
INFO:root:Player 8 has won the Match at 23.Nov 2020 03:17:44
INFO:root:Player 6 has lost the Match at 23.Nov 2020 03:17:44
INFO:root:Player 7 has lost the Match at 23.Nov 2020 03:17:45
INFO:root:Player 8 new Skill is 985.7142857142858
INFO:root:Game 3 requested at time 23.Nov 2020 03:17:45
INFO:root:Player 2 is entering the Match at 23.Nov 2020 03:17:46
INFO:root:Player 3 is entering Match at 23.Nov 2020 03:17:46
INFO:root:Player 4 is entering Match at 23.Nov 2020 03:17:46
INFO:root:Player 3 has won the Match at 23.Nov 2020 03:17:46
INFO:root:Player 2 has lost the Match at 23.Nov 2020 03:17:46
INFO:root:Player 4 has lost the Match at 23.Nov 2020 03:17:46
INFO:root:Player 3 new Skill is 518.1818181818182
INFO:root:Game 4 requested at time 23.Nov 2020 03:17:47
INFO:root:Player 2 is entering the Match at 23.Nov 2020 03:17:47
INFO:root:Player 4 is entering Match at 23.Nov 2020 03:17:48
INFO:root:Player 5 is entering Match at 23.Nov 2020 03:17:48
INFO:root:Player 5 has won the Match at 23.Nov 2020 03:17:48
INFO:root:Player 2 has lost the Match at 23.Nov 2020 03:17:48
INFO:root:Player 4 has lost the Match at 23.Nov 2020 03:17:48
INFO:root:Player 5 new Skill is 684.6153846153846
INFO:root:Game 5 requested at time 23.Nov 2020 03:17:49
INFO:root:Player 10 is entering the Match at 23.Nov 2020 03:17:49
INFO:root:Player 9 is entering Match at 23.Nov 2020 03:17:49
INFO:root:Player 8 is entering Match at 23.Nov 2020 03:17:49
INFO:root:Player 9 has won the Match at 23.Nov 2020 03:17:49
INFO:root:Player 10 has lost the Match at 23.Nov 2020 03:17:49
INFO:root:Player 8 has lost the Match at 23.Nov 2020 03:17:50
INFO:root:Player 9 new Skill is 1106.4124783362217
INFO:root:Game 6 requested at time 23.Nov 2020 03:17:51
INFO:root:Player 4 is entering the Match at 23.Nov 2020 03:17:51
INFO:root:Player 1 is entering Match at 23.Nov 2020 03:17:51
INFO:root:Player 2 is entering Match at 23.Nov 2020 03:17:51
INFO:root:Player 4 has won the Match at 23.Nov 2020 03:17:51
INFO:root:Player 1 has lost the Match at 23.Nov 2020 03:17:51
INFO:root:Player 2 has lost the Match at 23.Nov 2020 03:17:51
INFO:root:Player 4 new Skill is 566.6666666666667
INFO:root:Game 7 requested at time 23.Nov 2020 03:17:52
INFO:root:Player 1 is entering the Match at 23.Nov 2020 03:17:53
INFO:root:Player 2 is entering Match at 23.Nov 2020 03:17:53
INFO:root:Player 2 has won the Match at 23.Nov 2020 03:17:53
INFO:root:Player 1 has lost the Match at 23.Nov 2020 03:17:53
INFO:root:Player 2 new Skill is 460.0
INFO:root:Game 8 requested at time 23.Nov 2020 03:17:54
INFO:root:Player 3 is entering the Match at 23.Nov 2020 03:17:54
INFO:root:Player 2 is entering Match at 23.Nov 2020 03:17:54
INFO:root:Player 4 is entering Match at 23.Nov 2020 03:17:54
INFO:root:Player 4 has won the Match at 23.Nov 2020 03:17:54
INFO:root:Player 3 has lost the Match at 23.Nov 2020 03:17:54
INFO:root:Player 2 has lost the Match at 23.Nov 2020 03:17:55
INFO:root:Player 4 new Skill is 756.0259067357513
INFO:root:Game 9 requested at time 23.Nov 2020 03:17:55
INFO:root:Player 6 is entering the Match at 23.Nov 2020 03:17:56
INFO:root:Player 2 is entering Match at 23.Nov 2020 03:17:56
INFO:root:Player 3 is entering Match at 23.Nov 2020 03:17:56
INFO:root:Player 2 has won the Match at 23.Nov 2020 03:17:56
INFO:root:Player 6 has lost the Match at 23.Nov 2020 03:17:56
INFO:root:Player 3 has lost the Match at 23.Nov 2020 03:17:56
INFO:root:Player 2 new Skill is 672.5475285171103
INFO:root:Game 10 requested at time 23.Nov 2020 03:17:57
INFO:root:Player 1 is entering the Match at 23.Nov 2020 03:17:57
INFO:root:Player 1 has won the Match at 23.Nov 2020 03:17:57
INFO:root:Player 1 new Skill is 100.0
INFO:root:Running Client on Host at: 23.Nov 2020 03:18:38
INFO:root:Game 1 requested at time 23.Nov 2020 03:18:42
INFO:root:Player 5 is entering the Match at 23.Nov 2020 03:18:42
INFO:root:Player 3 is entering Match at 23.Nov 2020 03:18:42
INFO:root:Player 6 is entering Match at 23.Nov 2020 03:18:42
INFO:root:Player 5 has won the Match at 23.Nov 2020 03:18:42
INFO:root:Player 3 has lost the Match at 23.Nov 2020 03:18:42
INFO:root:Player 6 has lost the Match at 23.Nov 2020 03:18:43
INFO:root:Player 5 new Skill is 870.1265260821309
INFO:root:Game 2 requested at time 23.Nov 2020 03:18:44
INFO:root:Player 9 is entering the Match at 23.Nov 2020 03:18:44
INFO:root:Player 8 is entering Match at 23.Nov 2020 03:18:44
INFO:root:Player 10 is entering Match at 23.Nov 2020 03:18:44
INFO:root:Player 10 has won the Match at 23.Nov 2020 03:18:44
INFO:root:Player 9 has lost the Match at 23.Nov 2020 03:18:44
INFO:root:Player 8 has lost the Match at 23.Nov 2020 03:18:44
INFO:root:Player 10 new Skill is 1202.94403105791
INFO:root:Game 3 requested at time 23.Nov 2020 03:18:45
INFO:root:Player 5 is entering the Match at 23.Nov 2020 03:18:46
INFO:root:Player 2 is entering Match at 23.Nov 2020 03:18:46
INFO:root:Player 7 is entering Match at 23.Nov 2020 03:18:46
INFO:root:Player 2 has won the Match at 23.Nov 2020 03:18:46
INFO:root:Player 5 has lost the Match at 23.Nov 2020 03:18:46
INFO:root:Player 7 has lost the Match at 23.Nov 2020 03:18:46
INFO:root:Player 2 new Skill is 882.0802854594112
INFO:root:Game 4 requested at time 23.Nov 2020 03:18:47
INFO:root:Player 10 is entering the Match at 23.Nov 2020 03:18:47
INFO:root:Player 8 is entering Match at 23.Nov 2020 03:18:47
INFO:root:Player 9 is entering Match at 23.Nov 2020 03:18:47
INFO:root:Player 9 has won the Match at 23.Nov 2020 03:18:47
INFO:root:Player 10 has lost the Match at 23.Nov 2020 03:18:47
INFO:root:Player 8 has lost the Match at 23.Nov 2020 03:18:48
INFO:root:Player 9 new Skill is 1305.2408138475555
INFO:root:Game 5 requested at time 23.Nov 2020 03:18:49
INFO:root:Player 7 is entering the Match at 23.Nov 2020 03:18:49
INFO:root:Player 3 is entering Match at 23.Nov 2020 03:18:49
INFO:root:Player 6 is entering Match at 23.Nov 2020 03:18:49
INFO:root:Player 7 has won the Match at 23.Nov 2020 03:18:49
INFO:root:Player 3 has lost the Match at 23.Nov 2020 03:18:49
INFO:root:Player 6 has lost the Match at 23.Nov 2020 03:18:50
INFO:root:Player 7 new Skill is 884.4884488448845
INFO:root:Game 6 requested at time 23.Nov 2020 03:18:50
INFO:root:Player 4 is entering the Match at 23.Nov 2020 03:18:51
INFO:root:Player 3 is entering Match at 23.Nov 2020 03:18:51
INFO:root:Player 6 is entering Match at 23.Nov 2020 03:18:51
INFO:root:Player 3 has won the Match at 23.Nov 2020 03:18:51
INFO:root:Player 4 has lost the Match at 23.Nov 2020 03:18:51
INFO:root:Player 6 has lost the Match at 23.Nov 2020 03:18:51
INFO:root:Player 3 new Skill is 735.0757737459978
INFO:root:Game 7 requested at time 23.Nov 2020 03:18:52
INFO:root:Player 6 is entering the Match at 23.Nov 2020 03:18:52
INFO:root:Player 3 is entering Match at 23.Nov 2020 03:18:52
INFO:root:Player 4 is entering Match at 23.Nov 2020 03:18:52
INFO:root:Player 6 has won the Match at 23.Nov 2020 03:18:52
INFO:root:Player 3 has lost the Match at 23.Nov 2020 03:18:52
INFO:root:Player 4 has lost the Match at 23.Nov 2020 03:18:53
INFO:root:Player 6 new Skill is 813.9167862266858
INFO:root:Game 8 requested at time 23.Nov 2020 03:18:54
INFO:root:Player 10 is entering the Match at 23.Nov 2020 03:18:54
INFO:root:Player 8 is entering Match at 23.Nov 2020 03:18:54
INFO:root:Player 9 is entering Match at 23.Nov 2020 03:18:54
INFO:root:Player 8 has won the Match at 23.Nov 2020 03:18:54
INFO:root:Player 10 has lost the Match at 23.Nov 2020 03:18:54
INFO:root:Player 9 has lost the Match at 23.Nov 2020 03:18:55
INFO:root:Player 8 new Skill is 1200.3780068728522
INFO:root:Game 9 requested at time 23.Nov 2020 03:18:55
INFO:root:Player 6 is entering the Match at 23.Nov 2020 03:18:56
INFO:root:Player 3 is entering Match at 23.Nov 2020 03:18:56
INFO:root:Player 4 is entering Match at 23.Nov 2020 03:18:56
INFO:root:Player 6 has won the Match at 23.Nov 2020 03:18:56
INFO:root:Player 3 has lost the Match at 23.Nov 2020 03:18:56
INFO:root:Player 4 has lost the Match at 23.Nov 2020 03:18:56
INFO:root:Player 6 new Skill is 1007.140625
INFO:root:Game 10 requested at time 23.Nov 2020 03:18:57
INFO:root:Player 1 is entering the Match at 23.Nov 2020 03:18:57
INFO:root:Player 1 has won the Match at 23.Nov 2020 03:18:58
INFO:root:Player 1 new Skill is 100.0
INFO:root:Running Client on Host at: 23.Nov 2020 03:20:36
INFO:root:Game 1 requested at time 23.Nov 2020 03:20:39
INFO:root:Player 4 is entering the Match at 23.Nov 2020 03:20:40
INFO:root:Player 3 is entering Match at 23.Nov 2020 03:20:40
INFO:root:Player 5 is entering Match at 23.Nov 2020 03:20:40
INFO:root:Player 5 has won the Match at 23.Nov 2020 03:20:40
INFO:root:Player 4 has lost the Match at 23.Nov 2020 03:20:40
INFO:root:Player 3 has lost the Match at 23.Nov 2020 03:20:40
INFO:root:Player 5 new Skill is 1059.4536213468868
INFO:root:Game 2 requested at time 23.Nov 2020 03:20:41
INFO:root:Player 10 is entering the Match at 23.Nov 2020 03:20:41
INFO:root:Player 2 is entering Match at 23.Nov 2020 03:20:42
INFO:root:Player 7 is entering Match at 23.Nov 2020 03:20:42
INFO:root:Player 10 has won the Match at 23.Nov 2020 03:20:42
INFO:root:Player 2 has lost the Match at 23.Nov 2020 03:20:42
INFO:root:Player 7 has lost the Match at 23.Nov 2020 03:20:42
INFO:root:Player 10 new Skill is 1380.5040431266846
INFO:root:Game 3 requested at time 23.Nov 2020 03:20:43
INFO:root:Player 4 is entering the Match at 23.Nov 2020 03:20:43
INFO:root:Player 3 is entering Match at 23.Nov 2020 03:20:43
INFO:root:Player 2 is entering Match at 23.Nov 2020 03:20:43
INFO:root:Player 3 has won the Match at 23.Nov 2020 03:20:43
INFO:root:Player 4 has lost the Match at 23.Nov 2020 03:20:43
INFO:root:Player 2 has lost the Match at 23.Nov 2020 03:20:44
INFO:root:Player 3 new Skill is 942.0796460176991
INFO:root:Game 4 requested at time 23.Nov 2020 03:20:45
INFO:root:Player 8 is entering the Match at 23.Nov 2020 03:20:45
INFO:root:Player 2 is entering Match at 23.Nov 2020 03:20:45
INFO:root:Player 7 is entering Match at 23.Nov 2020 03:20:45
INFO:root:Player 7 has won the Match at 23.Nov 2020 03:20:45
INFO:root:Player 8 has lost the Match at 23.Nov 2020 03:20:45
INFO:root:Player 2 has lost the Match at 23.Nov 2020 03:20:45
INFO:root:Player 7 new Skill is 1094.5866486850978
INFO:root:Game 5 requested at time 23.Nov 2020 03:20:46
INFO:root:Player 7 is entering the Match at 23.Nov 2020 03:20:47
INFO:root:Player 4 is entering Match at 23.Nov 2020 03:20:47
INFO:root:Player 2 is entering Match at 23.Nov 2020 03:20:47
INFO:root:Player 2 has won the Match at 23.Nov 2020 03:20:47
INFO:root:Player 7 has lost the Match at 23.Nov 2020 03:20:47
INFO:root:Player 4 has lost the Match at 23.Nov 2020 03:20:47
INFO:root:Player 2 new Skill is 1085.147877013177
INFO:root:Game 6 requested at time 23.Nov 2020 03:20:48
INFO:root:Player 9 is entering the Match at 23.Nov 2020 03:20:48
INFO:root:Player 6 is entering Match at 23.Nov 2020 03:20:48
INFO:root:Player 5 is entering Match at 23.Nov 2020 03:20:48
INFO:root:Player 6 has won the Match at 23.Nov 2020 03:20:48
INFO:root:Player 9 has lost the Match at 23.Nov 2020 03:20:48
INFO:root:Player 5 has lost the Match at 23.Nov 2020 03:20:49
INFO:root:Player 6 new Skill is 1217.3826757638683
INFO:root:Game 7 requested at time 23.Nov 2020 03:20:50
INFO:root:Player 6 is entering the Match at 23.Nov 2020 03:20:50
INFO:root:Player 3 is entering Match at 23.Nov 2020 03:20:52
INFO:root:Player 5 is entering Match at 23.Nov 2020 03:20:52
INFO:root:Player 6 has won the Match at 23.Nov 2020 03:20:52
INFO:root:Player 3 has lost the Match at 23.Nov 2020 03:20:52
INFO:root:Player 5 has lost the Match at 23.Nov 2020 03:20:52
INFO:root:Player 6 new Skill is 1403.544437538844
INFO:root:Game 8 requested at time 23.Nov 2020 03:20:53
INFO:root:Player 8 is entering the Match at 23.Nov 2020 03:20:53
INFO:root:Player 3 is entering Match at 23.Nov 2020 03:20:53
INFO:root:Player 5 is entering Match at 23.Nov 2020 03:20:53
INFO:root:Player 3 has won the Match at 23.Nov 2020 03:20:53
INFO:root:Player 8 has lost the Match at 23.Nov 2020 03:20:53
INFO:root:Player 5 has lost the Match at 23.Nov 2020 03:20:54
INFO:root:Player 3 new Skill is 1153.7150890346766
INFO:root:Game 9 requested at time 23.Nov 2020 03:20:55
INFO:root:Player 4 is entering the Match at 23.Nov 2020 03:20:55
INFO:root:Player 5 is entering Match at 23.Nov 2020 03:20:55
INFO:root:Player 2 is entering Match at 23.Nov 2020 03:20:55
INFO:root:Player 2 has won the Match at 23.Nov 2020 03:20:55
INFO:root:Player 4 has lost the Match at 23.Nov 2020 03:20:55
INFO:root:Player 5 has lost the Match at 23.Nov 2020 03:20:55
INFO:root:Player 2 new Skill is 1272.7586206896551
INFO:root:Game 10 requested at time 23.Nov 2020 03:20:56
INFO:root:Player 4 is entering the Match at 23.Nov 2020 03:20:57
INFO:root:Player 5 is entering Match at 23.Nov 2020 03:20:57
INFO:root:Player 7 is entering Match at 23.Nov 2020 03:20:57
INFO:root:Player 4 has won the Match at 23.Nov 2020 03:20:57
INFO:root:Player 5 has lost the Match at 23.Nov 2020 03:20:57
INFO:root:Player 7 has lost the Match at 23.Nov 2020 03:20:57
INFO:root:Player 4 new Skill is 978.0350635957374
INFO:root:Game 11 requested at time 23.Nov 2020 03:20:58
INFO:root:Player 10 is entering the Match at 23.Nov 2020 03:20:58
INFO:root:Player 5 is entering Match at 23.Nov 2020 03:20:59
INFO:root:Player 7 is entering Match at 23.Nov 2020 03:20:59
INFO:root:Player 7 has won the Match at 23.Nov 2020 03:20:59
INFO:root:Player 10 has lost the Match at 23.Nov 2020 03:20:59
INFO:root:Player 5 has lost the Match at 23.Nov 2020 03:20:59
INFO:root:Player 7 new Skill is 1301.1044438154543
INFO:root:Game 12 requested at time 23.Nov 2020 03:21:00
INFO:root:Player 1 is entering the Match at 23.Nov 2020 03:21:00
INFO:root:Player 1 has won the Match at 23.Nov 2020 03:21:00
INFO:root:Player 1 new Skill is 100.0
INFO:root:Game 13 requested at time 23.Nov 2020 03:21:01
INFO:root:Player 7 is entering the Match at 23.Nov 2020 03:21:01
INFO:root:Player 4 is entering Match at 23.Nov 2020 03:21:01
INFO:root:Player 5 is entering Match at 23.Nov 2020 03:21:01
INFO:root:Player 5 has won the Match at 23.Nov 2020 03:21:01
INFO:root:Player 7 has lost the Match at 23.Nov 2020 03:21:01
INFO:root:Player 4 has lost the Match at 23.Nov 2020 03:21:01
INFO:root:Player 5 new Skill is 1263.823247453565
INFO:root:Game 14 requested at time 23.Nov 2020 03:21:02
INFO:root:Player 4 is entering the Match at 23.Nov 2020 03:21:03
INFO:root:Player 3 is entering Match at 23.Nov 2020 03:21:03
INFO:root:Player 8 is entering Match at 23.Nov 2020 03:21:03
INFO:root:Player 4 has won the Match at 23.Nov 2020 03:21:03
INFO:root:Player 3 has lost the Match at 23.Nov 2020 03:21:03
INFO:root:Player 8 has lost the Match at 23.Nov 2020 03:21:03
INFO:root:Player 4 new Skill is 1189.9183428399879
INFO:root:Game 15 requested at time 23.Nov 2020 03:21:04
INFO:root:Player 6 is entering the Match at 23.Nov 2020 03:21:05
INFO:root:Player 3 is entering Match at 23.Nov 2020 03:21:05
INFO:root:Player 4 is entering Match at 23.Nov 2020 03:21:05
INFO:root:Player 6 has won the Match at 23.Nov 2020 03:21:05
INFO:root:Player 3 has lost the Match at 23.Nov 2020 03:21:05
INFO:root:Player 4 has lost the Match at 23.Nov 2020 03:21:05
INFO:root:Player 6 new Skill is 1590.6101468624834
INFO:root:Game 16 requested at time 23.Nov 2020 03:21:06
INFO:root:Player 9 is entering the Match at 23.Nov 2020 03:21:06
INFO:root:Player 3 is entering Match at 23.Nov 2020 03:21:06
INFO:root:Player 4 is entering Match at 23.Nov 2020 03:21:06
INFO:root:Player 4 has won the Match at 23.Nov 2020 03:21:06
INFO:root:Player 9 has lost the Match at 23.Nov 2020 03:21:06
INFO:root:Player 3 has lost the Match at 23.Nov 2020 03:21:07
INFO:root:Player 4 new Skill is 1391.19358376748
INFO:root:Game 17 requested at time 23.Nov 2020 03:21:08
INFO:root:Player 7 is entering the Match at 23.Nov 2020 03:21:08
INFO:root:Player 3 is entering Match at 23.Nov 2020 03:21:08
INFO:root:Player 8 is entering Match at 23.Nov 2020 03:21:08
INFO:root:Player 8 has won the Match at 23.Nov 2020 03:21:08
INFO:root:Player 7 has lost the Match at 23.Nov 2020 03:21:08
INFO:root:Player 3 has lost the Match at 23.Nov 2020 03:21:08
INFO:root:Player 8 new Skill is 1401.4778325123152
INFO:root:Game 18 requested at time 23.Nov 2020 03:21:09
INFO:root:Player 9 is entering the Match at 23.Nov 2020 03:21:10
INFO:root:Player 3 is entering Match at 23.Nov 2020 03:21:10
INFO:root:Player 5 is entering Match at 23.Nov 2020 03:21:10
INFO:root:Player 9 has won the Match at 23.Nov 2020 03:21:10
INFO:root:Player 3 has lost the Match at 23.Nov 2020 03:21:10
INFO:root:Player 5 has lost the Match at 23.Nov 2020 03:21:10
INFO:root:Player 9 new Skill is 1499.7863477559795
INFO:root:Game 19 requested at time 23.Nov 2020 03:21:11
INFO:root:Player 7 is entering the Match at 23.Nov 2020 03:21:11
INFO:root:Player 3 is entering Match at 23.Nov 2020 03:21:11
INFO:root:Player 5 is entering Match at 23.Nov 2020 03:21:11
INFO:root:Player 3 has won the Match at 23.Nov 2020 03:21:11
INFO:root:Player 7 has lost the Match at 23.Nov 2020 03:21:11
INFO:root:Player 5 has lost the Match at 23.Nov 2020 03:21:12
INFO:root:Player 3 new Skill is 1359.9410815173528
INFO:root:Game 20 requested at time 23.Nov 2020 03:21:13
INFO:root:Player 6 is entering the Match at 23.Nov 2020 03:21:13
INFO:root:Player 5 is entering Match at 23.Nov 2020 03:21:13
INFO:root:Player 2 is entering Match at 23.Nov 2020 03:21:13
INFO:root:Player 5 has won the Match at 23.Nov 2020 03:21:13
INFO:root:Player 6 has lost the Match at 23.Nov 2020 03:21:13
INFO:root:Player 2 has lost the Match at 23.Nov 2020 03:21:14
INFO:root:Player 5 new Skill is 1471.1454545454544
INFO:root:Game 21 requested at time 23.Nov 2020 03:21:14
INFO:root:Player 4 is entering the Match at 23.Nov 2020 03:21:15
INFO:root:Player 2 is entering Match at 23.Nov 2020 03:21:15
INFO:root:Player 7 is entering Match at 23.Nov 2020 03:21:15
INFO:root:Player 7 has won the Match at 23.Nov 2020 03:21:15
INFO:root:Player 4 has lost the Match at 23.Nov 2020 03:21:15
INFO:root:Player 2 has lost the Match at 23.Nov 2020 03:21:15
INFO:root:Player 7 new Skill is 1502.5388496468213
INFO:root:Game 22 requested at time 23.Nov 2020 03:21:16
INFO:root:Player 6 is entering the Match at 23.Nov 2020 03:21:16
INFO:root:Player 2 is entering Match at 23.Nov 2020 03:21:16
INFO:root:Player 3 is entering Match at 23.Nov 2020 03:21:16
INFO:root:Player 6 has won the Match at 23.Nov 2020 03:21:16
INFO:root:Player 2 has lost the Match at 23.Nov 2020 03:21:16
INFO:root:Player 3 has lost the Match at 23.Nov 2020 03:21:17
INFO:root:Player 6 new Skill is 1776.993603411514
INFO:root:Game 23 requested at time 23.Nov 2020 03:21:18
INFO:root:Player 10 is entering the Match at 23.Nov 2020 03:21:18
INFO:root:Player 2 is entering Match at 23.Nov 2020 03:21:18
INFO:root:Player 3 is entering Match at 23.Nov 2020 03:21:18
INFO:root:Player 2 has won the Match at 23.Nov 2020 03:21:18
INFO:root:Player 10 has lost the Match at 23.Nov 2020 03:21:18
INFO:root:Player 3 has lost the Match at 23.Nov 2020 03:21:19
INFO:root:Player 2 new Skill is 1476.8616305160808
INFO:root:Game 24 requested at time 23.Nov 2020 03:21:19
INFO:root:Player 4 is entering the Match at 23.Nov 2020 03:21:20
INFO:root:Player 3 is entering Match at 23.Nov 2020 03:21:20
INFO:root:Player 10 is entering Match at 23.Nov 2020 03:21:20
INFO:root:Player 3 has won the Match at 23.Nov 2020 03:21:20
INFO:root:Player 4 has lost the Match at 23.Nov 2020 03:21:20
INFO:root:Player 10 has lost the Match at 23.Nov 2020 03:21:20
INFO:root:Player 3 new Skill is 1560.2832929782082
INFO:root:Game 25 requested at time 23.Nov 2020 03:21:21
INFO:root:Player 7 is entering the Match at 23.Nov 2020 03:21:21
INFO:root:Player 10 is entering Match at 23.Nov 2020 03:21:21
INFO:root:Player 4 is entering Match at 23.Nov 2020 03:21:21
INFO:root:Player 7 has won the Match at 23.Nov 2020 03:21:21
INFO:root:Player 10 has lost the Match at 23.Nov 2020 03:21:21
INFO:root:Player 4 has lost the Match at 23.Nov 2020 03:21:22
INFO:root:Player 7 new Skill is 1696.5471565644746
INFO:root:Game 26 requested at time 23.Nov 2020 03:21:23
INFO:root:Player 8 is entering the Match at 23.Nov 2020 03:21:23
INFO:root:Player 10 is entering Match at 23.Nov 2020 03:21:23
INFO:root:Player 4 is entering Match at 23.Nov 2020 03:21:23
INFO:root:Player 4 has won the Match at 23.Nov 2020 03:21:23
INFO:root:Player 8 has lost the Match at 23.Nov 2020 03:21:23
INFO:root:Player 10 has lost the Match at 23.Nov 2020 03:21:24
INFO:root:Player 4 new Skill is 1590.9760306807286
INFO:root:Game 27 requested at time 23.Nov 2020 03:21:24
INFO:root:Player 7 is entering the Match at 23.Nov 2020 03:21:25
INFO:root:Player 10 is entering Match at 23.Nov 2020 03:21:25
INFO:root:Player 8 is entering Match at 23.Nov 2020 03:21:25
INFO:root:Player 7 has won the Match at 23.Nov 2020 03:21:25
INFO:root:Player 10 has lost the Match at 23.Nov 2020 03:21:25
INFO:root:Player 8 has lost the Match at 23.Nov 2020 03:21:25
INFO:root:Player 7 new Skill is 1882.35246817065
INFO:root:Game 28 requested at time 23.Nov 2020 03:21:26
INFO:root:Player 6 is entering the Match at 23.Nov 2020 03:21:26
INFO:root:Player 10 is entering Match at 23.Nov 2020 03:21:27
INFO:root:Player 8 is entering Match at 23.Nov 2020 03:21:27
INFO:root:Player 8 has won the Match at 23.Nov 2020 03:21:27
INFO:root:Player 6 has lost the Match at 23.Nov 2020 03:21:27
INFO:root:Player 10 has lost the Match at 23.Nov 2020 03:21:27
INFO:root:Player 8 new Skill is 1608.7682685977616
INFO:root:Game 29 requested at time 23.Nov 2020 03:21:28
INFO:root:Player 3 is entering the Match at 23.Nov 2020 03:21:28
INFO:root:Player 10 is entering Match at 23.Nov 2020 03:21:28
INFO:root:Player 5 is entering Match at 23.Nov 2020 03:21:28
INFO:root:Player 3 has won the Match at 23.Nov 2020 03:21:28
INFO:root:Player 10 has lost the Match at 23.Nov 2020 03:21:28
INFO:root:Player 5 has lost the Match at 23.Nov 2020 03:21:29
INFO:root:Player 3 new Skill is 1753.9016096123328
INFO:root:Game 30 requested at time 23.Nov 2020 03:21:29
INFO:root:Player 3 is entering the Match at 23.Nov 2020 03:21:30
INFO:root:Player 10 is entering Match at 23.Nov 2020 03:21:30
INFO:root:Player 5 is entering Match at 23.Nov 2020 03:21:30
INFO:root:Player 5 has won the Match at 23.Nov 2020 03:21:30
INFO:root:Player 3 has lost the Match at 23.Nov 2020 03:21:30
INFO:root:Player 10 has lost the Match at 23.Nov 2020 03:21:30
INFO:root:Player 5 new Skill is 1675.1485664639445
INFO:root:Game 31 requested at time 23.Nov 2020 03:21:31
INFO:root:Player 10 is entering the Match at 23.Nov 2020 03:21:31
INFO:root:Player 2 is entering Match at 23.Nov 2020 03:21:32
INFO:root:Player 9 is entering Match at 23.Nov 2020 03:21:32
INFO:root:Player 9 has won the Match at 23.Nov 2020 03:21:32
INFO:root:Player 10 has lost the Match at 23.Nov 2020 03:21:32
INFO:root:Player 2 has lost the Match at 23.Nov 2020 03:21:32
INFO:root:Player 9 new Skill is 1695.739380022962
INFO:root:Game 32 requested at time 23.Nov 2020 03:21:33
INFO:root:Player 8 is entering the Match at 23.Nov 2020 03:21:33
INFO:root:Player 10 is entering Match at 23.Nov 2020 03:21:33
INFO:root:Player 2 is entering Match at 23.Nov 2020 03:21:33
INFO:root:Player 2 has won the Match at 23.Nov 2020 03:21:33
INFO:root:Player 8 has lost the Match at 23.Nov 2020 03:21:33
INFO:root:Player 10 has lost the Match at 23.Nov 2020 03:21:34
INFO:root:Player 2 new Skill is 1676.8064516129032
INFO:root:Game 33 requested at time 23.Nov 2020 03:21:34
INFO:root:Player 7 is entering the Match at 23.Nov 2020 03:21:35
INFO:root:Player 10 is entering Match at 23.Nov 2020 03:21:35
INFO:root:Player 4 is entering Match at 23.Nov 2020 03:21:35
INFO:root:Player 4 has won the Match at 23.Nov 2020 03:21:35
INFO:root:Player 7 has lost the Match at 23.Nov 2020 03:21:35
INFO:root:Player 10 has lost the Match at 23.Nov 2020 03:21:35
INFO:root:Player 4 new Skill is 1791.6900247320693
INFO:root:Game 34 requested at time 23.Nov 2020 03:21:36
INFO:root:Player 4 is entering the Match at 23.Nov 2020 03:21:36
INFO:root:Player 10 is entering Match at 23.Nov 2020 03:21:37
INFO:root:Player 8 is entering Match at 23.Nov 2020 03:21:37
INFO:root:Player 4 has won the Match at 23.Nov 2020 03:21:37
INFO:root:Player 10 has lost the Match at 23.Nov 2020 03:21:37
INFO:root:Player 8 has lost the Match at 23.Nov 2020 03:21:37
INFO:root:Player 4 new Skill is 1978.5706214689264
INFO:root:Game 35 requested at time 23.Nov 2020 03:21:38
INFO:root:Player 3 is entering the Match at 23.Nov 2020 03:21:38
INFO:root:Player 10 is entering Match at 23.Nov 2020 03:21:38
INFO:root:Player 8 is entering Match at 23.Nov 2020 03:21:38
INFO:root:Player 8 has won the Match at 23.Nov 2020 03:21:38
INFO:root:Player 3 has lost the Match at 23.Nov 2020 03:21:38
INFO:root:Player 10 has lost the Match at 23.Nov 2020 03:21:39
INFO:root:Player 8 new Skill is 1806.2493144906139
INFO:root:Game 36 requested at time 23.Nov 2020 03:21:40
INFO:root:Player 3 is entering the Match at 23.Nov 2020 03:21:40
INFO:root:Player 10 is entering Match at 23.Nov 2020 03:21:40
INFO:root:Player 5 is entering Match at 23.Nov 2020 03:21:40
INFO:root:Player 10 has won the Match at 23.Nov 2020 03:21:40
INFO:root:Player 3 has lost the Match at 23.Nov 2020 03:21:40
INFO:root:Player 5 has lost the Match at 23.Nov 2020 03:21:41
INFO:root:Player 10 new Skill is 1593.8935108153078
INFO:root:Game 37 requested at time 23.Nov 2020 03:21:41
INFO:root:Player 1 is entering the Match at 23.Nov 2020 03:21:42
INFO:root:Player 1 has won the Match at 23.Nov 2020 03:21:42
INFO:root:Player 1 new Skill is 100.0
INFO:root:Game 38 requested at time 23.Nov 2020 03:21:42
INFO:root:Player 2 is entering the Match at 23.Nov 2020 03:21:43
INFO:root:Player 10 is entering Match at 23.Nov 2020 03:21:43
INFO:root:Player 5 is entering Match at 23.Nov 2020 03:21:43
INFO:root:Player 2 has won the Match at 23.Nov 2020 03:21:43
INFO:root:Player 10 has lost the Match at 23.Nov 2020 03:21:43
INFO:root:Player 5 has lost the Match at 23.Nov 2020 03:21:43
INFO:root:Player 2 new Skill is 1874.3009708737864
INFO:root:Game 39 requested at time 23.Nov 2020 03:21:44
INFO:root:Player 3 is entering the Match at 23.Nov 2020 03:21:44
INFO:root:Player 10 is entering Match at 23.Nov 2020 03:21:45
INFO:root:Player 5 is entering Match at 23.Nov 2020 03:21:45
INFO:root:Player 5 has won the Match at 23.Nov 2020 03:21:45
INFO:root:Player 3 has lost the Match at 23.Nov 2020 03:21:45
INFO:root:Player 10 has lost the Match at 23.Nov 2020 03:21:45
INFO:root:Player 5 new Skill is 1874.9203345947021
INFO:root:Game 40 requested at time 23.Nov 2020 03:21:46
INFO:root:Player 6 is entering the Match at 23.Nov 2020 03:21:46
INFO:root:Player 10 is entering Match at 23.Nov 2020 03:21:46
INFO:root:Player 9 is entering Match at 23.Nov 2020 03:21:46
INFO:root:Player 9 has won the Match at 23.Nov 2020 03:21:46
INFO:root:Player 6 has lost the Match at 23.Nov 2020 03:21:46
INFO:root:Player 10 has lost the Match at 23.Nov 2020 03:21:47
INFO:root:Player 9 new Skill is 1894.585308056872
INFO:root:Game 41 requested at time 23.Nov 2020 03:21:47
INFO:root:Player 8 is entering the Match at 23.Nov 2020 03:21:48
INFO:root:Player 10 is entering Match at 23.Nov 2020 03:21:48
INFO:root:Player 3 is entering Match at 23.Nov 2020 03:21:48
INFO:root:Player 8 has won the Match at 23.Nov 2020 03:21:48
INFO:root:Player 10 has lost the Match at 23.Nov 2020 03:21:48
INFO:root:Player 3 has lost the Match at 23.Nov 2020 03:21:48
INFO:root:Player 8 new Skill is 2000.8369565217392
INFO:root:Game 42 requested at time 23.Nov 2020 03:21:49
INFO:root:Player 5 is entering the Match at 23.Nov 2020 03:21:50
INFO:root:Player 10 is entering Match at 23.Nov 2020 03:21:50
INFO:root:Player 3 is entering Match at 23.Nov 2020 03:21:50
INFO:root:Player 5 has won the Match at 23.Nov 2020 03:21:50
INFO:root:Player 10 has lost the Match at 23.Nov 2020 03:21:50
INFO:root:Player 3 has lost the Match at 23.Nov 2020 03:21:50
INFO:root:Player 5 new Skill is 2066.2988505747126
INFO:root:Game 43 requested at time 23.Nov 2020 03:21:51
INFO:root:Player 6 is entering the Match at 23.Nov 2020 03:21:51
INFO:root:Player 10 is entering Match at 23.Nov 2020 03:21:51
INFO:root:Player 3 is entering Match at 23.Nov 2020 03:21:51
INFO:root:Player 10 has won the Match at 23.Nov 2020 03:21:51
INFO:root:Player 6 has lost the Match at 23.Nov 2020 03:21:51
INFO:root:Player 3 has lost the Match at 23.Nov 2020 03:21:52
INFO:root:Player 10 new Skill is 1799.6966028894963
INFO:root:Game 44 requested at time 23.Nov 2020 03:21:53
INFO:root:Player 1 is entering the Match at 23.Nov 2020 03:21:53
INFO:root:Player 1 has won the Match at 23.Nov 2020 03:21:53
INFO:root:Player 1 new Skill is 100.0
INFO:root:Game 45 requested at time 23.Nov 2020 03:21:54
INFO:root:Player 1 is entering the Match at 23.Nov 2020 03:21:54
INFO:root:Player 1 has won the Match at 23.Nov 2020 03:21:54
INFO:root:Player 1 new Skill is 100.0
INFO:root:Game 46 requested at time 23.Nov 2020 03:21:55
INFO:root:Player 2 is entering the Match at 23.Nov 2020 03:21:55
INFO:root:Player 3 is entering Match at 23.Nov 2020 03:21:55
INFO:root:Player 6 is entering Match at 23.Nov 2020 03:21:55
INFO:root:Player 3 has won the Match at 23.Nov 2020 03:21:55
INFO:root:Player 2 has lost the Match at 23.Nov 2020 03:21:55
INFO:root:Player 6 has lost the Match at 23.Nov 2020 03:21:56
INFO:root:Player 3 new Skill is 1955.6651860077734
INFO:root:Game 47 requested at time 23.Nov 2020 03:21:56
INFO:root:Player 1 is entering the Match at 23.Nov 2020 03:21:57
INFO:root:Player 1 has won the Match at 23.Nov 2020 03:21:57
INFO:root:Player 1 new Skill is 100.0
INFO:root:Game 48 requested at time 23.Nov 2020 03:21:57
INFO:root:Player 5 is entering the Match at 23.Nov 2020 03:21:58
INFO:root:Player 6 is entering Match at 23.Nov 2020 03:21:58
INFO:root:Player 10 is entering Match at 23.Nov 2020 03:21:58
INFO:root:Player 5 has won the Match at 23.Nov 2020 03:21:58
INFO:root:Player 6 has lost the Match at 23.Nov 2020 03:21:58
INFO:root:Player 10 has lost the Match at 23.Nov 2020 03:21:58
INFO:root:Player 5 new Skill is 2256.1258642084736
INFO:root:Game 49 requested at time 23.Nov 2020 03:21:59
INFO:root:Player 1 is entering the Match at 23.Nov 2020 03:21:59
INFO:root:Player 1 has won the Match at 23.Nov 2020 03:22:00
INFO:root:Player 1 new Skill is 100.0
INFO:root:Game 50 requested at time 23.Nov 2020 03:22:00
INFO:root:Player 4 is entering the Match at 23.Nov 2020 03:22:00
INFO:root:Player 6 is entering Match at 23.Nov 2020 03:22:01
INFO:root:Player 10 is entering Match at 23.Nov 2020 03:22:01
INFO:root:Player 4 has won the Match at 23.Nov 2020 03:22:01
INFO:root:Player 6 has lost the Match at 23.Nov 2020 03:22:01
INFO:root:Player 10 has lost the Match at 23.Nov 2020 03:22:01
INFO:root:Player 4 new Skill is 2171.1388438681793
INFO:root:Game 51 requested at time 23.Nov 2020 03:22:02
INFO:root:Player 2 is entering the Match at 23.Nov 2020 03:22:02
INFO:root:Player 6 is entering Match at 23.Nov 2020 03:22:02
INFO:root:Player 10 is entering Match at 23.Nov 2020 03:22:02
INFO:root:Player 2 has won the Match at 23.Nov 2020 03:22:02
INFO:root:Player 6 has lost the Match at 23.Nov 2020 03:22:02
INFO:root:Player 10 has lost the Match at 23.Nov 2020 03:22:03
INFO:root:Player 2 new Skill is 2070.8251055239493
INFO:root:Game 52 requested at time 23.Nov 2020 03:22:03
INFO:root:Player 9 is entering the Match at 23.Nov 2020 03:22:04
INFO:root:Player 6 is entering Match at 23.Nov 2020 03:22:04
INFO:root:Player 10 is entering Match at 23.Nov 2020 03:22:04
INFO:root:Player 6 has won the Match at 23.Nov 2020 03:22:04
INFO:root:Player 9 has lost the Match at 23.Nov 2020 03:22:04
INFO:root:Player 10 has lost the Match at 23.Nov 2020 03:22:04
INFO:root:Player 6 new Skill is 1978.578167855184
INFO:root:Game 53 requested at time 23.Nov 2020 03:22:05
INFO:root:Player 8 is entering the Match at 23.Nov 2020 03:22:06
INFO:root:Player 10 is entering Match at 23.Nov 2020 03:22:06
INFO:root:Player 7 is entering Match at 23.Nov 2020 03:22:06
INFO:root:Player 10 has won the Match at 23.Nov 2020 03:22:06
INFO:root:Player 8 has lost the Match at 23.Nov 2020 03:22:06
INFO:root:Player 7 has lost the Match at 23.Nov 2020 03:22:06
INFO:root:Player 10 new Skill is 2003.9991198732619
INFO:root:Game 54 requested at time 23.Nov 2020 03:22:07
INFO:root:Player 8 is entering the Match at 23.Nov 2020 03:22:07
INFO:root:Player 7 is entering Match at 23.Nov 2020 03:22:07
INFO:root:Player 9 is entering Match at 23.Nov 2020 03:22:07
INFO:root:Player 8 has won the Match at 23.Nov 2020 03:22:07
INFO:root:Player 7 has lost the Match at 23.Nov 2020 03:22:07
INFO:root:Player 9 has lost the Match at 23.Nov 2020 03:22:08
INFO:root:Player 8 new Skill is 2196.1218836565095
INFO:root:Game 55 requested at time 23.Nov 2020 03:22:09
INFO:root:Player 7 is entering the Match at 23.Nov 2020 03:22:09
INFO:root:Player 9 is entering Match at 23.Nov 2020 03:22:09
INFO:root:Player 3 is entering Match at 23.Nov 2020 03:22:09
INFO:root:Player 3 has won the Match at 23.Nov 2020 03:22:09
INFO:root:Player 7 has lost the Match at 23.Nov 2020 03:22:09
INFO:root:Player 9 has lost the Match at 23.Nov 2020 03:22:10
INFO:root:Player 3 new Skill is 2152.6618391205725
INFO:root:Game 56 requested at time 23.Nov 2020 03:22:10
INFO:root:Player 1 is entering the Match at 23.Nov 2020 03:22:11
INFO:root:Player 1 has won the Match at 23.Nov 2020 03:22:11
INFO:root:Player 1 new Skill is 100.0
INFO:root:Game 57 requested at time 23.Nov 2020 03:22:11
INFO:root:Player 7 is entering the Match at 23.Nov 2020 03:22:12
INFO:root:Player 9 is entering Match at 23.Nov 2020 03:22:12
INFO:root:Player 6 is entering Match at 23.Nov 2020 03:22:12
INFO:root:Player 9 has won the Match at 23.Nov 2020 03:22:12
INFO:root:Player 7 has lost the Match at 23.Nov 2020 03:22:12
INFO:root:Player 6 has lost the Match at 23.Nov 2020 03:22:12
INFO:root:Player 9 new Skill is 2095.2513034410845
INFO:root:Game 58 requested at time 23.Nov 2020 03:22:13
INFO:root:Player 9 is entering the Match at 23.Nov 2020 03:22:13
INFO:root:Player 7 is entering Match at 23.Nov 2020 03:22:13
INFO:root:Player 6 is entering Match at 23.Nov 2020 03:22:13
INFO:root:Player 9 has won the Match at 23.Nov 2020 03:22:13
INFO:root:Player 7 has lost the Match at 23.Nov 2020 03:22:13
INFO:root:Player 6 has lost the Match at 23.Nov 2020 03:22:14
INFO:root:Player 9 new Skill is 2289.4584382871535
INFO:root:Game 59 requested at time 23.Nov 2020 03:22:15
INFO:root:Player 1 is entering the Match at 23.Nov 2020 03:22:15
INFO:root:Player 1 has won the Match at 23.Nov 2020 03:22:15
INFO:root:Player 1 new Skill is 100.0
INFO:root:Game 60 requested at time 23.Nov 2020 03:22:16
INFO:root:Player 8 is entering the Match at 23.Nov 2020 03:22:16
INFO:root:Player 7 is entering Match at 23.Nov 2020 03:22:16
INFO:root:Player 6 is entering Match at 23.Nov 2020 03:22:16
INFO:root:Player 8 has won the Match at 23.Nov 2020 03:22:16
INFO:root:Player 7 has lost the Match at 23.Nov 2020 03:22:16
INFO:root:Player 6 has lost the Match at 23.Nov 2020 03:22:17
INFO:root:Player 8 new Skill is 2387.215323645971
INFO:root:Game 61 requested at time 23.Nov 2020 03:22:17
INFO:root:Player 6 is entering the Match at 23.Nov 2020 03:22:18
INFO:root:Player 7 is entering Match at 23.Nov 2020 03:22:18
INFO:root:Player 10 is entering Match at 23.Nov 2020 03:22:18
INFO:root:Player 7 has won the Match at 23.Nov 2020 03:22:18
INFO:root:Player 6 has lost the Match at 23.Nov 2020 03:22:18
INFO:root:Player 10 has lost the Match at 23.Nov 2020 03:22:18
INFO:root:Player 7 new Skill is 2085.7011768719085
INFO:root:Game 62 requested at time 23.Nov 2020 03:22:19
INFO:root:Player 7 is entering the Match at 23.Nov 2020 03:22:20
INFO:root:Player 6 is entering Match at 23.Nov 2020 03:22:20
INFO:root:Player 10 is entering Match at 23.Nov 2020 03:22:20
INFO:root:Player 6 has won the Match at 23.Nov 2020 03:22:20
INFO:root:Player 7 has lost the Match at 23.Nov 2020 03:22:20
INFO:root:Player 10 has lost the Match at 23.Nov 2020 03:22:20
INFO:root:Player 6 new Skill is 2180.1760633036597
INFO:root:Game 63 requested at time 23.Nov 2020 03:22:21
INFO:root:Player 1 is entering the Match at 23.Nov 2020 03:22:21
INFO:root:Player 1 has won the Match at 23.Nov 2020 03:22:22
INFO:root:Player 1 new Skill is 100.0
INFO:root:Game 64 requested at time 23.Nov 2020 03:22:22
INFO:root:Player 8 is entering the Match at 23.Nov 2020 03:22:22
INFO:root:Player 10 is entering Match at 23.Nov 2020 03:22:22
INFO:root:Player 2 is entering Match at 23.Nov 2020 03:22:22
INFO:root:Player 8 has won the Match at 23.Nov 2020 03:22:22
INFO:root:Player 10 has lost the Match at 23.Nov 2020 03:22:22
INFO:root:Player 2 has lost the Match at 23.Nov 2020 03:22:23
INFO:root:Player 8 new Skill is 2576.1486068111453
INFO:root:Game 65 requested at time 23.Nov 2020 03:22:24
INFO:root:Player 10 is entering the Match at 23.Nov 2020 03:22:24
INFO:root:Player 2 is entering Match at 23.Nov 2020 03:22:24
INFO:root:Player 7 is entering Match at 23.Nov 2020 03:22:24
INFO:root:Player 10 has won the Match at 23.Nov 2020 03:22:24
INFO:root:Player 2 has lost the Match at 23.Nov 2020 03:22:24
INFO:root:Player 7 has lost the Match at 23.Nov 2020 03:22:24
INFO:root:Player 10 new Skill is 2205.419616758688
INFO:root:Game 66 requested at time 23.Nov 2020 03:22:25
INFO:root:Player 1 is entering the Match at 23.Nov 2020 03:22:26
INFO:root:Player 1 has won the Match at 23.Nov 2020 03:22:26
INFO:root:Player 1 new Skill is 100.0
INFO:root:Game 67 requested at time 23.Nov 2020 03:22:26
INFO:root:Player 5 is entering the Match at 23.Nov 2020 03:22:27
INFO:root:Player 2 is entering Match at 23.Nov 2020 03:22:27
INFO:root:Player 7 is entering Match at 23.Nov 2020 03:22:27
INFO:root:Player 5 has won the Match at 23.Nov 2020 03:22:27
INFO:root:Player 2 has lost the Match at 23.Nov 2020 03:22:27
INFO:root:Player 7 has lost the Match at 23.Nov 2020 03:22:27
INFO:root:Player 5 new Skill is 2450.4314459522693
INFO:root:Game 68 requested at time 23.Nov 2020 03:22:28
INFO:root:Player 9 is entering the Match at 23.Nov 2020 03:22:28
INFO:root:Player 2 is entering Match at 23.Nov 2020 03:22:28
INFO:root:Player 7 is entering Match at 23.Nov 2020 03:22:28
INFO:root:Player 2 has won the Match at 23.Nov 2020 03:22:28
INFO:root:Player 9 has lost the Match at 23.Nov 2020 03:22:28
INFO:root:Player 7 has lost the Match at 23.Nov 2020 03:22:29
INFO:root:Player 2 new Skill is 2273.6312849162014
INFO:root:Game 69 requested at time 23.Nov 2020 03:22:30
INFO:root:Player 5 is entering the Match at 23.Nov 2020 03:22:30
INFO:root:Player 7 is entering Match at 23.Nov 2020 03:22:30
INFO:root:Player 3 is entering Match at 23.Nov 2020 03:22:30
INFO:root:Player 7 has won the Match at 23.Nov 2020 03:22:30
INFO:root:Player 5 has lost the Match at 23.Nov 2020 03:22:30
INFO:root:Player 3 has lost the Match at 23.Nov 2020 03:22:31
INFO:root:Player 7 new Skill is 2291.4602960969046
INFO:root:Game 70 requested at time 23.Nov 2020 03:22:31
INFO:root:Player 4 is entering the Match at 23.Nov 2020 03:22:32
INFO:root:Player 3 is entering Match at 23.Nov 2020 03:22:32
INFO:root:Player 6 is entering Match at 23.Nov 2020 03:22:32
INFO:root:Player 6 has won the Match at 23.Nov 2020 03:22:32
INFO:root:Player 4 has lost the Match at 23.Nov 2020 03:22:32
INFO:root:Player 3 has lost the Match at 23.Nov 2020 03:22:32
INFO:root:Player 6 new Skill is 2379.4310318314624
INFO:root:Game 71 requested at time 23.Nov 2020 03:22:33
INFO:root:Player 9 is entering the Match at 23.Nov 2020 03:22:33
INFO:root:Player 3 is entering Match at 23.Nov 2020 03:22:34
INFO:root:Player 4 is entering Match at 23.Nov 2020 03:22:34
INFO:root:Player 3 has won the Match at 23.Nov 2020 03:22:34
INFO:root:Player 9 has lost the Match at 23.Nov 2020 03:22:34
INFO:root:Player 4 has lost the Match at 23.Nov 2020 03:22:34
INFO:root:Player 3 new Skill is 2354.359346642468
INFO:root:Game 72 requested at time 23.Nov 2020 03:22:35
INFO:root:Player 3 is entering the Match at 23.Nov 2020 03:22:35
INFO:root:Player 4 is entering Match at 23.Nov 2020 03:22:35
INFO:root:Player 10 is entering Match at 23.Nov 2020 03:22:35
INFO:root:Player 4 has won the Match at 23.Nov 2020 03:22:35
INFO:root:Player 3 has lost the Match at 23.Nov 2020 03:22:35
INFO:root:Player 10 has lost the Match at 23.Nov 2020 03:22:36
INFO:root:Player 4 new Skill is 2374.2243684992573
INFO:root:Game 73 requested at time 23.Nov 2020 03:22:36
INFO:root:Player 2 is entering the Match at 23.Nov 2020 03:22:37
INFO:root:Player 10 is entering Match at 23.Nov 2020 03:22:37
INFO:root:Player 9 is entering Match at 23.Nov 2020 03:22:37
INFO:root:Player 2 has won the Match at 23.Nov 2020 03:22:37
INFO:root:Player 10 has lost the Match at 23.Nov 2020 03:22:37
INFO:root:Player 9 has lost the Match at 23.Nov 2020 03:22:38
INFO:root:Player 2 new Skill is 2472.2315649475395
INFO:root:Game 74 requested at time 23.Nov 2020 03:22:38
INFO:root:Player 10 is entering the Match at 23.Nov 2020 03:22:39
INFO:root:Player 9 is entering Match at 23.Nov 2020 03:22:39
INFO:root:Player 7 is entering Match at 23.Nov 2020 03:22:39
INFO:root:Player 9 has won the Match at 23.Nov 2020 03:22:39
INFO:root:Player 10 has lost the Match at 23.Nov 2020 03:22:39
INFO:root:Player 7 has lost the Match at 23.Nov 2020 03:22:39
INFO:root:Player 9 new Skill is 2487.7914517317613
INFO:root:Game 75 requested at time 23.Nov 2020 03:22:40
INFO:root:Player 8 is entering the Match at 23.Nov 2020 03:22:40
INFO:root:Player 10 is entering Match at 23.Nov 2020 03:22:41
INFO:root:Player 7 is entering Match at 23.Nov 2020 03:22:41
INFO:root:Player 7 has won the Match at 23.Nov 2020 03:22:41
INFO:root:Player 8 has lost the Match at 23.Nov 2020 03:22:41
INFO:root:Player 10 has lost the Match at 23.Nov 2020 03:22:41
INFO:root:Player 7 new Skill is 2493.813914027149
INFO:root:Game 76 requested at time 23.Nov 2020 03:22:42
INFO:root:Player 4 is entering the Match at 23.Nov 2020 03:22:42
INFO:root:Player 10 is entering Match at 23.Nov 2020 03:22:42
INFO:root:Player 3 is entering Match at 23.Nov 2020 03:22:42
INFO:root:Player 10 has won the Match at 23.Nov 2020 03:22:42
INFO:root:Player 4 has lost the Match at 23.Nov 2020 03:22:42
INFO:root:Player 3 has lost the Match at 23.Nov 2020 03:22:43
INFO:root:Player 10 new Skill is 2409.586758978797
INFO:root:Game 77 requested at time 23.Nov 2020 03:22:43
INFO:root:Player 10 is entering the Match at 23.Nov 2020 03:22:44
INFO:root:Player 3 is entering Match at 23.Nov 2020 03:22:44
INFO:root:Player 4 is entering Match at 23.Nov 2020 03:22:44
INFO:root:Player 10 has won the Match at 23.Nov 2020 03:22:44
INFO:root:Player 3 has lost the Match at 23.Nov 2020 03:22:44
INFO:root:Player 4 has lost the Match at 23.Nov 2020 03:22:44
INFO:root:Player 10 new Skill is 2607.738965952081
INFO:root:Game 78 requested at time 23.Nov 2020 03:22:45
INFO:root:Player 9 is entering the Match at 23.Nov 2020 03:22:45
INFO:root:Player 3 is entering Match at 23.Nov 2020 03:22:46
INFO:root:Player 4 is entering Match at 23.Nov 2020 03:22:46
INFO:root:Player 3 has won the Match at 23.Nov 2020 03:22:46
INFO:root:Player 9 has lost the Match at 23.Nov 2020 03:22:46
INFO:root:Player 4 has lost the Match at 23.Nov 2020 03:22:46
INFO:root:Player 3 new Skill is 2556.120582120582
INFO:root:Game 79 requested at time 23.Nov 2020 03:22:47
INFO:root:Player 9 is entering the Match at 23.Nov 2020 03:22:47
INFO:root:Player 4 is entering Match at 23.Nov 2020 03:22:47
INFO:root:Player 6 is entering Match at 23.Nov 2020 03:22:47
INFO:root:Player 4 has won the Match at 23.Nov 2020 03:22:47
INFO:root:Player 9 has lost the Match at 23.Nov 2020 03:22:47
INFO:root:Player 6 has lost the Match at 23.Nov 2020 03:22:48
INFO:root:Player 4 new Skill is 2575.6298342541436
INFO:root:Game 80 requested at time 23.Nov 2020 03:22:48
INFO:root:Player 6 is entering the Match at 23.Nov 2020 03:22:49
INFO:root:Player 5 is entering Match at 23.Nov 2020 03:22:49
INFO:root:Player 2 is entering Match at 23.Nov 2020 03:22:49
INFO:root:Player 2 has won the Match at 23.Nov 2020 03:22:49
INFO:root:Player 6 has lost the Match at 23.Nov 2020 03:22:49
INFO:root:Player 5 has lost the Match at 23.Nov 2020 03:22:49
INFO:root:Player 2 new Skill is 2670.4248733050267
INFO:root:Game 81 requested at time 23.Nov 2020 03:22:50
INFO:root:Player 4 is entering the Match at 23.Nov 2020 03:22:50
INFO:root:Player 6 is entering Match at 23.Nov 2020 03:22:51
INFO:root:Player 5 is entering Match at 23.Nov 2020 03:22:51
INFO:root:Player 4 has won the Match at 23.Nov 2020 03:22:51
INFO:root:Player 6 has lost the Match at 23.Nov 2020 03:22:51
INFO:root:Player 5 has lost the Match at 23.Nov 2020 03:22:51
INFO:root:Player 4 new Skill is 2770.6645056726093
INFO:root:Game 82 requested at time 23.Nov 2020 03:22:52
INFO:root:Player 7 is entering the Match at 23.Nov 2020 03:22:52
INFO:root:Player 6 is entering Match at 23.Nov 2020 03:22:52
INFO:root:Player 5 is entering Match at 23.Nov 2020 03:22:52
INFO:root:Player 6 has won the Match at 23.Nov 2020 03:22:52
INFO:root:Player 7 has lost the Match at 23.Nov 2020 03:22:52
INFO:root:Player 5 has lost the Match at 23.Nov 2020 03:22:53
INFO:root:Player 6 new Skill is 2581.526632067741
INFO:root:Game 83 requested at time 23.Nov 2020 03:22:53
INFO:root:Player 10 is entering the Match at 23.Nov 2020 03:22:54
INFO:root:Player 5 is entering Match at 23.Nov 2020 03:22:54
INFO:root:Player 9 is entering Match at 23.Nov 2020 03:22:54
INFO:root:Player 9 has won the Match at 23.Nov 2020 03:22:54
INFO:root:Player 10 has lost the Match at 23.Nov 2020 03:22:54
INFO:root:Player 5 has lost the Match at 23.Nov 2020 03:22:54
INFO:root:Player 9 new Skill is 2688.1002120890776
INFO:root:Game 84 requested at time 23.Nov 2020 03:22:55
INFO:root:Player 4 is entering the Match at 23.Nov 2020 03:22:55
INFO:root:Player 5 is entering Match at 23.Nov 2020 03:22:56
INFO:root:Player 7 is entering Match at 23.Nov 2020 03:22:56
INFO:root:Player 5 has won the Match at 23.Nov 2020 03:22:56
INFO:root:Player 4 has lost the Match at 23.Nov 2020 03:22:56
INFO:root:Player 7 has lost the Match at 23.Nov 2020 03:22:56
INFO:root:Player 5 new Skill is 2654.7063399455465
INFO:root:Game 85 requested at time 23.Nov 2020 03:22:57
INFO:root:Player 8 is entering the Match at 23.Nov 2020 03:22:58
INFO:root:Player 7 is entering Match at 23.Nov 2020 03:22:58
INFO:root:Player 3 is entering Match at 23.Nov 2020 03:22:58
INFO:root:Player 8 has won the Match at 23.Nov 2020 03:22:58
INFO:root:Player 7 has lost the Match at 23.Nov 2020 03:22:58
INFO:root:Player 3 has lost the Match at 23.Nov 2020 03:22:58
INFO:root:Player 8 new Skill is 2774.6491803278686
INFO:root:Game 86 requested at time 23.Nov 2020 03:22:59
INFO:root:Player 9 is entering the Match at 23.Nov 2020 03:22:59
INFO:root:Player 7 is entering Match at 23.Nov 2020 03:22:59
INFO:root:Player 3 is entering Match at 23.Nov 2020 03:22:59
INFO:root:Player 3 has won the Match at 23.Nov 2020 03:22:59
INFO:root:Player 9 has lost the Match at 23.Nov 2020 03:22:59
INFO:root:Player 7 has lost the Match at 23.Nov 2020 03:23:00
INFO:root:Player 3 new Skill is 2756.8918185343155
INFO:root:Game 87 requested at time 23.Nov 2020 03:23:01
INFO:root:Player 2 is entering the Match at 23.Nov 2020 03:23:01
INFO:root:Player 7 is entering Match at 23.Nov 2020 03:23:01
INFO:root:Player 6 is entering Match at 23.Nov 2020 03:23:01
INFO:root:Player 6 has won the Match at 23.Nov 2020 03:23:01
INFO:root:Player 2 has lost the Match at 23.Nov 2020 03:23:01
INFO:root:Player 7 has lost the Match at 23.Nov 2020 03:23:02
INFO:root:Player 6 new Skill is 2781.0129132231405
INFO:root:Game 88 requested at time 23.Nov 2020 03:23:02
INFO:root:Player 3 is entering the Match at 23.Nov 2020 03:23:03
INFO:root:Player 7 is entering Match at 23.Nov 2020 03:23:03
INFO:root:Player 10 is entering Match at 23.Nov 2020 03:23:03
INFO:root:Player 3 has won the Match at 23.Nov 2020 03:23:03
INFO:root:Player 7 has lost the Match at 23.Nov 2020 03:23:03
INFO:root:Player 10 has lost the Match at 23.Nov 2020 03:23:03
INFO:root:Player 3 new Skill is 2950.755600814664
INFO:root:Game 89 requested at time 23.Nov 2020 03:23:04
INFO:root:Player 1 is entering the Match at 23.Nov 2020 03:23:04
INFO:root:Player 1 has won the Match at 23.Nov 2020 03:23:05
INFO:root:Player 1 new Skill is 100.0
INFO:root:Game 90 requested at time 23.Nov 2020 03:23:05
INFO:root:Player 3 is entering the Match at 23.Nov 2020 03:23:05
INFO:root:Player 7 is entering Match at 23.Nov 2020 03:23:05
INFO:root:Player 10 is entering Match at 23.Nov 2020 03:23:05
INFO:root:Player 3 has won the Match at 23.Nov 2020 03:23:05
INFO:root:Player 7 has lost the Match at 23.Nov 2020 03:23:05
INFO:root:Player 10 has lost the Match at 23.Nov 2020 03:23:06
INFO:root:Player 3 new Skill is 3140.0621118012423
INFO:root:Game 91 requested at time 23.Nov 2020 03:23:07
INFO:root:Player 4 is entering the Match at 23.Nov 2020 03:23:07
INFO:root:Player 7 is entering Match at 23.Nov 2020 03:23:07
INFO:root:Player 10 is entering Match at 23.Nov 2020 03:23:07
INFO:root:Player 4 has won the Match at 23.Nov 2020 03:23:07
INFO:root:Player 7 has lost the Match at 23.Nov 2020 03:23:07
INFO:root:Player 10 has lost the Match at 23.Nov 2020 03:23:08
INFO:root:Player 4 new Skill is 2964.4091486658194
INFO:root:Game 92 requested at time 23.Nov 2020 03:23:08
INFO:root:Player 2 is entering the Match at 23.Nov 2020 03:23:09
INFO:root:Player 7 is entering Match at 23.Nov 2020 03:23:09
INFO:root:Player 10 is entering Match at 23.Nov 2020 03:23:09
INFO:root:Player 10 has won the Match at 23.Nov 2020 03:23:09
INFO:root:Player 2 has lost the Match at 23.Nov 2020 03:23:09
INFO:root:Player 7 has lost the Match at 23.Nov 2020 03:23:09
INFO:root:Player 10 new Skill is 2806.3436293436293
INFO:root:Game 93 requested at time 23.Nov 2020 03:23:10
INFO:root:Player 2 is entering the Match at 23.Nov 2020 03:23:10
INFO:root:Player 7 is entering Match at 23.Nov 2020 03:23:11
INFO:root:Player 5 is entering Match at 23.Nov 2020 03:23:11
INFO:root:Player 7 has won the Match at 23.Nov 2020 03:23:11
INFO:root:Player 2 has lost the Match at 23.Nov 2020 03:23:11
INFO:root:Player 5 has lost the Match at 23.Nov 2020 03:23:11
INFO:root:Player 7 new Skill is 2697.3239094281694
INFO:root:Game 94 requested at time 23.Nov 2020 03:23:12
INFO:root:Player 1 is entering the Match at 23.Nov 2020 03:23:12
INFO:root:Player 1 has won the Match at 23.Nov 2020 03:23:12
INFO:root:Player 1 new Skill is 100.0
INFO:root:Game 95 requested at time 23.Nov 2020 03:23:13
INFO:root:Player 4 is entering the Match at 23.Nov 2020 03:23:13
INFO:root:Player 5 is entering Match at 23.Nov 2020 03:23:13
INFO:root:Player 2 is entering Match at 23.Nov 2020 03:23:13
INFO:root:Player 4 has won the Match at 23.Nov 2020 03:23:13
INFO:root:Player 5 has lost the Match at 23.Nov 2020 03:23:13
INFO:root:Player 2 has lost the Match at 23.Nov 2020 03:23:13
INFO:root:Player 4 new Skill is 3156.7123552123553
INFO:root:Game 96 requested at time 23.Nov 2020 03:23:14
INFO:root:Player 9 is entering the Match at 23.Nov 2020 03:23:15
INFO:root:Player 5 is entering Match at 23.Nov 2020 03:23:15
INFO:root:Player 2 is entering Match at 23.Nov 2020 03:23:15
INFO:root:Player 2 has won the Match at 23.Nov 2020 03:23:15
INFO:root:Player 9 has lost the Match at 23.Nov 2020 03:23:15
INFO:root:Player 5 has lost the Match at 23.Nov 2020 03:23:15
INFO:root:Player 2 new Skill is 2870.0249625561655
INFO:root:Game 97 requested at time 23.Nov 2020 03:23:16
INFO:root:Player 2 is entering the Match at 23.Nov 2020 03:23:16
INFO:root:Player 5 is entering Match at 23.Nov 2020 03:23:16
INFO:root:Player 9 is entering Match at 23.Nov 2020 03:23:16
INFO:root:Player 2 has won the Match at 23.Nov 2020 03:23:16
INFO:root:Player 5 has lost the Match at 23.Nov 2020 03:23:16
INFO:root:Player 9 has lost the Match at 23.Nov 2020 03:23:17
INFO:root:Player 2 new Skill is 3065.1534339990258
INFO:root:Game 98 requested at time 23.Nov 2020 03:23:18
INFO:root:Player 1 is entering the Match at 23.Nov 2020 03:23:18
INFO:root:Player 1 has won the Match at 23.Nov 2020 03:23:18
INFO:root:Player 1 new Skill is 100.0
INFO:root:Game 99 requested at time 23.Nov 2020 03:23:18
INFO:root:Player 3 is entering the Match at 23.Nov 2020 03:23:19
INFO:root:Player 5 is entering Match at 23.Nov 2020 03:23:19
INFO:root:Player 9 is entering Match at 23.Nov 2020 03:23:19
INFO:root:Player 5 has won the Match at 23.Nov 2020 03:23:19
INFO:root:Player 3 has lost the Match at 23.Nov 2020 03:23:19
INFO:root:Player 9 has lost the Match at 23.Nov 2020 03:23:19
INFO:root:Player 5 new Skill is 2860.130629568498
INFO:root:Game 100 requested at time 23.Nov 2020 03:23:20
INFO:root:Player 8 is entering the Match at 23.Nov 2020 03:23:20
INFO:root:Player 9 is entering Match at 23.Nov 2020 03:23:21
INFO:root:Player 7 is entering Match at 23.Nov 2020 03:23:21
INFO:root:Player 7 has won the Match at 23.Nov 2020 03:23:21
INFO:root:Player 8 has lost the Match at 23.Nov 2020 03:23:21
INFO:root:Player 9 has lost the Match at 23.Nov 2020 03:23:21
INFO:root:Player 7 new Skill is 2897.8334354700332
INFO:root:Running Client on Host at: 23.Nov 2020 03:23:39
INFO:root:Game 1 requested at time 23.Nov 2020 03:23:40
INFO:root:Player 1 is entering the Match at 23.Nov 2020 03:23:40
INFO:root:Running Client on Host at: 23.Nov 2020 03:23:53
INFO:root:Game 1 requested at time 23.Nov 2020 03:23:57
INFO:root:Player 6 is entering the Match at 23.Nov 2020 03:23:57
INFO:root:Running Client on Host at: 23.Nov 2020 03:26:17
INFO:root:Game 1 requested at time 23.Nov 2020 03:26:18
INFO:root:Player 5 is entering the Match at 23.Nov 2020 03:26:19
INFO:root:Player 9 is entering Match at 23.Nov 2020 03:26:19
INFO:root:Player 8 is entering Match at 23.Nov 2020 03:26:19
INFO:root:Player 5 has won the Match at 23.Nov 2020 03:26:19
INFO:root:Player 9 has lost the Match at 23.Nov 2020 03:26:19
INFO:root:Player 8 has lost the Match at 23.Nov 2020 03:26:19
INFO:root:Player 5 new Skill is 3056.89978370584
INFO:root:Running Client on Host at: 23.Nov 2020 03:26:31
INFO:root:Game 1 requested at time 23.Nov 2020 03:26:33
INFO:root:Player 9 is entering the Match at 23.Nov 2020 03:26:33
